#
# A fatal error has been detected by the Java Runtime Environment:
#
#  SIGSEGV (0xb) at pc=0x00007fff922b1091, pid=1141, tid=3335
#
# JRE version: Java(TM) SE Runtime Environment (8.0_60-b27) (build 1.8.0_60-b27)
# Java VM: Java HotSpot(TM) 64-Bit Server VM (25.60-b23 mixed mode bsd-amd64 compressed oops)
# Problematic frame:
# C  [libobjc.A.dylib+0x5091]  objc_msgSend+0x11
#
# Failed to write core dump. Core dumps have been disabled. To enable core dumping, try "ulimit -c unlimited" before starting Java again
#
# If you would like to submit a bug report, please visit:
#   http://bugreport.java.com/bugreport/crash.jsp
# The crash happened outside the Java Virtual Machine in native code.
# See problematic frame for where to report the bug.
#

---------------  T H R E A D  ---------------

Current thread (0x00007f89d3115000):  JavaThread "AWT-AppKit" daemon [_thread_in_native, id=3335, stack(0x00007fff5a389000,0x00007fff5ab89000)]

siginfo: si_signo: 11 (SIGSEGV), si_code: 0 (unknown), si_addr: 0x0000000000000000

Registers:
RAX=0x0000000000000008, RBX=0x0000000000000000, RCX=0x0000000000000003, RDX=0x00007f89d798a3c8
RSP=0x00007fff5ab84378, RBP=0x00007fff5ab843a0, RSI=0x00007fff90f21666, RDI=0xf00007f89d798740
R8 =0x00007f89d7986930, R9 =0x00007f89d7987400, R10=0x00007f89d1bd1e40, R11=0x000000018e1c1840
R12=0x0000000000000000, R13=0x000000018fd1cd90, R14=0x00007f89d7986930, R15=0x00007f89d3115000
RIP=0x00007fff922b1091, EFLAGS=0x0000000000010246, ERR=0x0000000000000000
  TRAPNO=0x000000000000000d

Top of Stack: (sp=0x00007fff5ab84378)
0x00007fff5ab84378:   000000011ed9852b 0000000000000000
0x00007fff5ab84388:   000000018e1c1450 000000018e1c1440
0x00007fff5ab84398:   00007f89d3115000 00007fff5ab84460
0x00007fff5ab843a8:   000000018e1bf215 000000018e1c1700
0x00007fff5ab843b8:   000000018e1c16e0 000000018e1c14b0
0x00007fff5ab843c8:   0000000000000000 000000018fd1cd90
0x00007fff5ab843d8:   000000018fd1cd90 00007f89d798a3c0
0x00007fff5ab843e8:   000000018e1c16a0 000000018e1c1710
0x00007fff5ab843f8:   00007fff7a86bfb0 00007fff7a056420
0x00007fff5ab84408:   000000018e1c1450 000000018e1c1690
0x00007fff5ab84418:   00007f89d798a3c0 00007f89d7986930
0x00007fff5ab84428:   00007f89d281db60 00007f89d798a3c0
0x00007fff5ab84438:   00007f89d7986930 00007fff5ab844e8
0x00007fff5ab84448:   00007f89d31151f8 000000018fd1cd90
0x00007fff5ab84458:   00007fff5ab84510 00007fff5ab844d8
0x00007fff5ab84468:   00000001072a1954 000000018fd1cd90
0x00007fff5ab84478:   00007fff5ab84510 00007fff5ab844d8
0x00007fff5ab84488:   00000001072a16e7 00000001072a16a2
0x00007fff5ab84498:   00007fff5ab84498 000000018fd1cd90
0x00007fff5ab844a8:   00007fff5ab84510 000000018fd1f9c8
0x00007fff5ab844b8:   0000000000000000 000000018fd1cd90
0x00007fff5ab844c8:   0000000000000000 00007fff5ab844f8
0x00007fff5ab844d8:   00007fff5ab84558 0000000107293c4d
0x00007fff5ab844e8:   0000000740e5bd38 000000010729b578
0x00007fff5ab844f8:   00007f89d798a3c0 00007fff5ab84558
0x00007fff5ab84508:   00007f89d7986930 000000010729cd82
0x00007fff5ab84518:   00007fff5ab84518 000000018fd1cf5a
0x00007fff5ab84528:   00007fff5ab84580 000000018fd1f9c8
0x00007fff5ab84538:   0000000000000000 000000018fd1cf68
0x00007fff5ab84548:   00007fff5ab844f8 00007fff5ab84568
0x00007fff5ab84558:   00007fff5ab845c8 0000000107293c4d
0x00007fff5ab84568:   00007f89d798a3c0 0000000740b98990 

Instructions: (pc=0x00007fff922b1091)
0x00007fff922b1071:   90 90 90 90 90 90 90 90 90 90 90 90 90 90 90 48
0x00007fff922b1081:   85 ff 2e 74 72 40 f6 c7 01 2e 0f 85 7e 00 00 00
0x00007fff922b1091:   4c 8b 1f 49 89 f2 45 23 53 18 49 c1 e2 04 4d 03
0x00007fff922b10a1:   53 10 49 3b 32 75 04 41 ff 62 08 49 83 3a 00 74 

Register to memory mapping:

RAX=0x0000000000000008 is an unknown value
RBX=0x0000000000000000 is an unknown value
RCX=0x0000000000000003 is an unknown value
RDX=0x00007f89d798a3c8 is an unknown value
RSP=0x00007fff5ab84378 is pointing into the stack for thread: 0x00007f89d3115000
RBP=0x00007fff5ab843a0 is pointing into the stack for thread: 0x00007f89d3115000
RSI=0x00007fff90f21666: NSAppKitVersionNumber+0x56 in /System/Library/Frameworks/AppKit.framework/Versions/C/AppKit at 0x00007fff904d1000
RDI=0xf00007f89d798740 is an unknown value
R8 =0x00007f89d7986930 is an unknown value
R9 =0x00007f89d7987400 is an unknown value
R10=0x00007f89d1bd1e40 is an unknown value
R11=0x000000018e1c1840: OBJC_CLASS_$_MyCALayer+0 in /private/var/folders/dq/8vd9g93j6j717nnzy6dwncyr0000gn/T/jogamp_0000/file_cache/jln2019979335936053129/jln3983929863183128673/libnativewindow_macosx.jnilib at 0x000000018e1ba000
R12=0x0000000000000000 is an unknown value
R13={method} {0x000000018fd1cd90} 'UnsetJAWTRootSurfaceLayer0' '(JJ)V' in 'jogamp/nativewindow/jawt/macosx/MacOSXJAWTWindow'
R14=0x00007f89d7986930 is an unknown value
R15=0x00007f89d3115000 is a thread


Stack: [0x00007fff5a389000,0x00007fff5ab89000],  sp=0x00007fff5ab84378,  free space=8172k
Native frames: (J=compiled Java code, j=interpreted, Vv=VM code, C=native code)
C  [libobjc.A.dylib+0x5091]  objc_msgSend+0x11
C  [libnativewindow_macosx.jnilib+0x5215]  Java_jogamp_nativewindow_jawt_macosx_MacOSXJAWTWindow_UnsetJAWTRootSurfaceLayer0+0x1a5
j  jogamp.nativewindow.jawt.macosx.MacOSXJAWTWindow.UnsetJAWTRootSurfaceLayer0(JJ)V+0
j  jogamp.nativewindow.jawt.macosx.MacOSXJAWTWindow.access$200(JJ)V+2
j  jogamp.nativewindow.jawt.macosx.MacOSXJAWTWindow$1.run()V+38
j  com.jogamp.common.util.RunnableTask.run()V+24
v  ~StubRoutines::call_stub
V  [libjvm.dylib+0x2eab0e]  JavaCalls::call_helper(JavaValue*, methodHandle*, JavaCallArguments*, Thread*)+0x6ae
V  [libjvm.dylib+0x321bb7]  jni_invoke_nonstatic(JNIEnv_*, JavaValue*, _jobject*, JNICallType, _jmethodID*, JNI_ArgumentPusher*, Thread*)+0x2ec
V  [libjvm.dylib+0x31438b]  jni_CallVoidMethod+0x16b
C  [libnativewindow_macosx.jnilib+0x5326]  Java_jogamp_nativewindow_jawt_macosx_MacOSXJAWTWindow_UnsetJAWTRootSurfaceLayer0+0x2b6
C  [Foundation+0x637ce]  __NSThreadPerformPerform+0xe5
C  [CoreFoundation+0x7f5b1]  __CFRUNLOOP_IS_CALLING_OUT_TO_A_SOURCE0_PERFORM_FUNCTION__+0x11
C  [CoreFoundation+0x70d29]  __CFRunLoopDoSources0+0x1b9
C  [CoreFoundation+0x703ef]  __CFRunLoopRun+0x33f
C  [CoreFoundation+0x6fe75]  CFRunLoopRunSpecific+0x135
C  [HIToolbox+0x2ea0d]  RunCurrentEventLoopInMode+0xe2
C  [HIToolbox+0x2e685]  ReceiveNextEventCommon+0xad
C  [HIToolbox+0x2e5bc]  _BlockUntilNextEventMatchingListInModeWithFilter+0x41
C  [AppKit+0x2424e]  _DPSNextEvent+0x59a
C  [AppKit+0x2389b]  -[NSApplication nextEventMatchingMask:untilDate:inMode:dequeue:]+0x7a
C  [libosxapp.dylib+0x23aa]  -[NSApplicationAWT nextEventMatchingMask:untilDate:inMode:dequeue:]+0x7c
C  [AppKit+0x1799c]  -[NSApplication run]+0x229
C  [libosxapp.dylib+0x214d]  +[NSApplicationAWT runAWTLoopWithApp:]+0x9c
C  [libawt_lwawt.dylib+0x44517]  -[AWTStarter starter:]+0x389
C  [Foundation+0x637ce]  __NSThreadPerformPerform+0xe5
C  [CoreFoundation+0x7f5b1]  __CFRUNLOOP_IS_CALLING_OUT_TO_A_SOURCE0_PERFORM_FUNCTION__+0x11
C  [CoreFoundation+0x70c62]  __CFRunLoopDoSources0+0xf2
C  [CoreFoundation+0x703ef]  __CFRunLoopRun+0x33f
C  [CoreFoundation+0x6fe75]  CFRunLoopRunSpecific+0x135
C  [java+0x6463]  CreateExecutionEnvironment+0x367
C  [java+0x21ac]  JLI_Launch+0x7a0
C  [java+0x84c0]  main+0x65
C  [java+0x1a04]  start+0x34
C  0x0000000000000007

Java frames: (J=compiled Java code, j=interpreted, Vv=VM code)
j  jogamp.nativewindow.jawt.macosx.MacOSXJAWTWindow.UnsetJAWTRootSurfaceLayer0(JJ)V+0
j  jogamp.nativewindow.jawt.macosx.MacOSXJAWTWindow.access$200(JJ)V+2
j  jogamp.nativewindow.jawt.macosx.MacOSXJAWTWindow$1.run()V+38
j  com.jogamp.common.util.RunnableTask.run()V+24
v  ~StubRoutines::call_stub

---------------  P R O C E S S  ---------------

Java Threads: ( => current thread )
  0x00007f89d9cdc800 JavaThread "Thread-23" [_thread_blocked, id=15743, stack(0x000000019193d000,0x0000000191a3d000)]
  0x00007f89d331a800 JavaThread "AWT-EventQueue-1" [_thread_in_native, id=64267, stack(0x000000018e730000,0x000000018e830000)]
  0x00007f89d104b000 JavaThread "DestroyJavaVM" [_thread_blocked, id=6403, stack(0x000000010718a000,0x000000010728a000)]
  0x00007f89d20ed000 JavaThread "AWT-EventQueue-0" [_thread_blocked, id=61187, stack(0x000000012414b000,0x000000012424b000)]
  0x00007f89d3168800 JavaThread "Java2D Disposer" daemon [_thread_blocked, id=53507, stack(0x000000012391d000,0x0000000123a1d000)]
  0x00007f89d1114800 JavaThread "Java2D Queue Flusher" daemon [_thread_blocked, id=50695, stack(0x0000000123198000,0x0000000123298000)]
  0x00007f89d1113000 JavaThread "AWT-Shutdown" [_thread_blocked, id=31243, stack(0x00000001205aa000,0x00000001206aa000)]
=>0x00007f89d3115000 JavaThread "AWT-AppKit" daemon [_thread_in_native, id=3335, stack(0x00007fff5a389000,0x00007fff5ab89000)]
  0x00007f89d2034800 JavaThread "Service Thread" daemon [_thread_blocked, id=22275, stack(0x000000011e9d3000,0x000000011ead3000)]
  0x00007f89d183c000 JavaThread "C1 CompilerThread3" daemon [_thread_blocked, id=21763, stack(0x000000011e8d0000,0x000000011e9d0000)]
  0x00007f89d183b800 JavaThread "C2 CompilerThread2" daemon [_thread_blocked, id=21251, stack(0x000000011e7cd000,0x000000011e8cd000)]
  0x00007f89d1836000 JavaThread "C2 CompilerThread1" daemon [_thread_blocked, id=20739, stack(0x000000011e6ca000,0x000000011e7ca000)]
  0x00007f89d1839800 JavaThread "C2 CompilerThread0" daemon [_thread_blocked, id=20227, stack(0x000000011e5c7000,0x000000011e6c7000)]
  0x00007f89d2009000 JavaThread "Signal Dispatcher" daemon [_thread_blocked, id=19715, stack(0x000000011e4c4000,0x000000011e5c4000)]
  0x00007f89d3000000 JavaThread "Finalizer" daemon [_thread_blocked, id=14595, stack(0x000000011e28d000,0x000000011e38d000)]
  0x00007f89d1863800 JavaThread "Reference Handler" daemon [_thread_blocked, id=14083, stack(0x000000011e18a000,0x000000011e28a000)]

Other Threads:
  0x00007f89d1861000 VMThread [stack: 0x000000011e087000,0x000000011e187000] [id=13571]
  0x00007f89d2006000 WatcherThread [stack: 0x000000011ead6000,0x000000011ebd6000] [id=22787]

VM state:not at safepoint (normal execution)

VM Mutex/Monitor currently owned by a thread: None

Heap:
 PSYoungGen      total 24576K, used 7231K [0x0000000795580000, 0x0000000796e80000, 0x00000007c0000000)
  eden space 24064K, 29% used [0x0000000795580000,0x0000000795c57d18,0x0000000796d00000)
  from space 512K, 43% used [0x0000000796e00000,0x0000000796e38000,0x0000000796e80000)
  to   space 512K, 0% used [0x0000000796d80000,0x0000000796d80000,0x0000000796e00000)
 ParOldGen       total 59904K, used 18441K [0x0000000740000000, 0x0000000743a80000, 0x0000000795580000)
  object space 59904K, 30% used [0x0000000740000000,0x00000007412024b0,0x0000000743a80000)
 Metaspace       used 21624K, capacity 21853K, committed 22192K, reserved 1069056K
  class space    used 2102K, capacity 2179K, committed 2304K, reserved 1048576K

Card table byte_map: [0x000000011664c000,0x0000000116a4d000] byte_map_base: 0x0000000112c4c000

Marking Bits: (ParMarkBitMap*) 0x0000000106adee20
 Begin Bits: [0x0000000117510000, 0x0000000119510000)
 End Bits:   [0x0000000119510000, 0x000000011b510000)

Polling page: 0x00000001051cf000

CodeCache: size=245760Kb used=10091Kb max_used=10113Kb free=235668Kb
 bounds [0x000000010728c000, 0x0000000107c9c000, 0x000000011628c000]
 total_blobs=3680 nmethods=2785 adapters=808
 compilation: enabled

Compilation events (10 events):
Event: 207.934 Thread 0x00007f89d183c000 nmethod 3327 0x0000000107a59e50 code [0x0000000107a59fa0, 0x0000000107a5a0d0]
Event: 207.935 Thread 0x00007f89d1839800 nmethod 3326 0x000000010766b590 code [0x000000010766b6e0, 0x000000010766b7d8]
Event: 207.935 Thread 0x00007f89d183c000 3328       3       sun.java2d.SunGraphics2D::setColor (108 bytes)
Event: 207.936 Thread 0x00007f89d183c000 nmethod 3328 0x0000000107955d50 code [0x0000000107955ee0, 0x0000000107956418]
Event: 207.966 Thread 0x00007f89d183c000 3329       3       java.util.HashMap::put (13 bytes)
Event: 207.966 Thread 0x00007f89d183c000 nmethod 3329 0x0000000107932090 code [0x0000000107932220, 0x00000001079325d8]
Event: 207.977 Thread 0x00007f89d183c000 3331       3       sun.java2d.SurfaceData::markDirty (8 bytes)
Event: 207.977 Thread 0x00007f89d183c000 nmethod 3331 0x000000010791d5d0 code [0x000000010791d740, 0x000000010791d990]
Event: 207.977 Thread 0x00007f89d183c000 3330       1       sun.java2d.SurfaceData::isValid (5 bytes)
Event: 207.978 Thread 0x00007f89d183c000 nmethod 3330 0x00000001079875d0 code [0x0000000107987720, 0x0000000107987830]

GC Heap History (10 events):
Event: 195.829 GC heap before
{Heap before GC invocations=67 (full 1):
 PSYoungGen      total 25088K, used 24256K [0x0000000795580000, 0x0000000796f00000, 0x00000007c0000000)
  eden space 24064K, 100% used [0x0000000795580000,0x0000000796d00000,0x0000000796d00000)
  from space 1024K, 18% used [0x0000000796d00000,0x0000000796d30000,0x0000000796e00000)
  to   space 1024K, 0% used [0x0000000796e00000,0x0000000796e00000,0x0000000796f00000)
 ParOldGen       total 59904K, used 18441K [0x0000000740000000, 0x0000000743a80000, 0x0000000795580000)
  object space 59904K, 30% used [0x0000000740000000,0x00000007412024b0,0x0000000743a80000)
 Metaspace       used 21588K, capacity 21789K, committed 22192K, reserved 1069056K
  class space    used 2094K, capacity 2179K, committed 2304K, reserved 1048576K
Event: 195.831 GC heap after
Heap after GC invocations=67 (full 1):
 PSYoungGen      total 25088K, used 224K [0x0000000795580000, 0x0000000796f00000, 0x00000007c0000000)
  eden space 24064K, 0% used [0x0000000795580000,0x0000000795580000,0x0000000796d00000)
  from space 1024K, 21% used [0x0000000796e00000,0x0000000796e38000,0x0000000796f00000)
  to   space 1024K, 0% used [0x0000000796d00000,0x0000000796d00000,0x0000000796e00000)
 ParOldGen       total 59904K, used 18441K [0x0000000740000000, 0x0000000743a80000, 0x0000000795580000)
  object space 59904K, 30% used [0x0000000740000000,0x00000007412024b0,0x0000000743a80000)
 Metaspace       used 21588K, capacity 21789K, committed 22192K, reserved 1069056K
  class space    used 2094K, capacity 2179K, committed 2304K, reserved 1048576K
}
Event: 198.701 GC heap before
{Heap before GC invocations=68 (full 1):
 PSYoungGen      total 25088K, used 24288K [0x0000000795580000, 0x0000000796f00000, 0x00000007c0000000)
  eden space 24064K, 100% used [0x0000000795580000,0x0000000796d00000,0x0000000796d00000)
  from space 1024K, 21% used [0x0000000796e00000,0x0000000796e38000,0x0000000796f00000)
  to   space 1024K, 0% used [0x0000000796d00000,0x0000000796d00000,0x0000000796e00000)
 ParOldGen       total 59904K, used 18441K [0x0000000740000000, 0x0000000743a80000, 0x0000000795580000)
  object space 59904K, 30% used [0x0000000740000000,0x00000007412024b0,0x0000000743a80000)
 Metaspace       used 21588K, capacity 21789K, committed 22192K, reserved 1069056K
  class space    used 2094K, capacity 2179K, committed 2304K, reserved 1048576K
Event: 198.703 GC heap after
Heap after GC invocations=68 (full 1):
 PSYoungGen      total 25088K, used 224K [0x0000000795580000, 0x0000000796e80000, 0x00000007c0000000)
  eden space 24064K, 0% used [0x0000000795580000,0x0000000795580000,0x0000000796d00000)
  from space 1024K, 21% used [0x0000000796d00000,0x0000000796d38000,0x0000000796e00000)
  to   space 512K, 0% used [0x0000000796e00000,0x0000000796e00000,0x0000000796e80000)
 ParOldGen       total 59904K, used 18441K [0x0000000740000000, 0x0000000743a80000, 0x0000000795580000)
  object space 59904K, 30% used [0x0000000740000000,0x00000007412024b0,0x0000000743a80000)
 Metaspace       used 21588K, capacity 21789K, committed 22192K, reserved 1069056K
  class space    used 2094K, capacity 2179K, committed 2304K, reserved 1048576K
}
Event: 201.572 GC heap before
{Heap before GC invocations=69 (full 1):
 PSYoungGen      total 25088K, used 24288K [0x0000000795580000, 0x0000000796e80000, 0x00000007c0000000)
  eden space 24064K, 100% used [0x0000000795580000,0x0000000796d00000,0x0000000796d00000)
  from space 1024K, 21% used [0x0000000796d00000,0x0000000796d38000,0x0000000796e00000)
  to   space 512K, 0% used [0x0000000796e00000,0x0000000796e00000,0x0000000796e80000)
 ParOldGen       total 59904K, used 18441K [0x0000000740000000, 0x0000000743a80000, 0x0000000795580000)
  object space 59904K, 30% used [0x0000000740000000,0x00000007412024b0,0x0000000743a80000)
 Metaspace       used 21588K, capacity 21789K, committed 22192K, reserved 1069056K
  class space    used 2094K, capacity 2179K, committed 2304K, reserved 1048576K
Event: 201.574 GC heap after
Heap after GC invocations=69 (full 1):
 PSYoungGen      total 24576K, used 224K [0x0000000795580000, 0x0000000796e80000, 0x00000007c0000000)
  eden space 24064K, 0% used [0x0000000795580000,0x0000000795580000,0x0000000796d00000)
  from space 512K, 43% used [0x0000000796e00000,0x0000000796e38000,0x0000000796e80000)
  to   space 512K, 0% used [0x0000000796d80000,0x0000000796d80000,0x0000000796e00000)
 ParOldGen       total 59904K, used 18441K [0x0000000740000000, 0x0000000743a80000, 0x0000000795580000)
  object space 59904K, 30% used [0x0000000740000000,0x00000007412024b0,0x0000000743a80000)
 Metaspace       used 21588K, capacity 21789K, committed 22192K, reserved 1069056K
  class space    used 2094K, capacity 2179K, committed 2304K, reserved 1048576K
}
Event: 204.378 GC heap before
{Heap before GC invocations=70 (full 1):
 PSYoungGen      total 24576K, used 24288K [0x0000000795580000, 0x0000000796e80000, 0x00000007c0000000)
  eden space 24064K, 100% used [0x0000000795580000,0x0000000796d00000,0x0000000796d00000)
  from space 512K, 43% used [0x0000000796e00000,0x0000000796e38000,0x0000000796e80000)
  to   space 512K, 0% used [0x0000000796d80000,0x0000000796d80000,0x0000000796e00000)
 ParOldGen       total 59904K, used 18441K [0x0000000740000000, 0x0000000743a80000, 0x0000000795580000)
  object space 59904K, 30% used [0x0000000740000000,0x00000007412024b0,0x0000000743a80000)
 Metaspace       used 21589K, capacity 21789K, committed 22192K, reserved 1069056K
  class space    used 2094K, capacity 2179K, committed 2304K, reserved 1048576K
Event: 204.380 GC heap after
Heap after GC invocations=70 (full 1):
 PSYoungGen      total 24576K, used 256K [0x0000000795580000, 0x0000000796e80000, 0x00000007c0000000)
  eden space 24064K, 0% used [0x0000000795580000,0x0000000795580000,0x0000000796d00000)
  from space 512K, 50% used [0x0000000796d80000,0x0000000796dc0000,0x0000000796e00000)
  to   space 512K, 0% used [0x0000000796e00000,0x0000000796e00000,0x0000000796e80000)
 ParOldGen       total 59904K, used 18441K [0x0000000740000000, 0x0000000743a80000, 0x0000000795580000)
  object space 59904K, 30% used [0x0000000740000000,0x00000007412024b0,0x0000000743a80000)
 Metaspace       used 21589K, capacity 21789K, committed 22192K, reserved 1069056K
  class space    used 2094K, capacity 2179K, committed 2304K, reserved 1048576K
}
Event: 207.249 GC heap before
{Heap before GC invocations=71 (full 1):
 PSYoungGen      total 24576K, used 24320K [0x0000000795580000, 0x0000000796e80000, 0x00000007c0000000)
  eden space 24064K, 100% used [0x0000000795580000,0x0000000796d00000,0x0000000796d00000)
  from space 512K, 50% used [0x0000000796d80000,0x0000000796dc0000,0x0000000796e00000)
  to   space 512K, 0% used [0x0000000796e00000,0x0000000796e00000,0x0000000796e80000)
 ParOldGen       total 59904K, used 18441K [0x0000000740000000, 0x0000000743a80000, 0x0000000795580000)
  object space 59904K, 30% used [0x0000000740000000,0x00000007412024b0,0x0000000743a80000)
 Metaspace       used 21589K, capacity 21789K, committed 22192K, reserved 1069056K
  class space    used 2094K, capacity 2179K, committed 2304K, reserved 1048576K
Event: 207.251 GC heap after
Heap after GC invocations=71 (full 1):
 PSYoungGen      total 24576K, used 224K [0x0000000795580000, 0x0000000796e80000, 0x00000007c0000000)
  eden space 24064K, 0% used [0x0000000795580000,0x0000000795580000,0x0000000796d00000)
  from space 512K, 43% used [0x0000000796e00000,0x0000000796e38000,0x0000000796e80000)
  to   space 512K, 0% used [0x0000000796d80000,0x0000000796d80000,0x0000000796e00000)
 ParOldGen       total 59904K, used 18441K [0x0000000740000000, 0x0000000743a80000, 0x0000000795580000)
  object space 59904K, 30% used [0x0000000740000000,0x00000007412024b0,0x0000000743a80000)
 Metaspace       used 21589K, capacity 21789K, committed 22192K, reserved 1069056K
  class space    used 2094K, capacity 2179K, committed 2304K, reserved 1048576K
}

Deoptimization events (10 events):
Event: 207.966 Thread 0x00007f89d20ed000 Uncommon trap: reason=class_check action=maybe_recompile pc=0x0000000107934244 method=java.awt.Component.getGraphics()Ljava/awt/Graphics; @ 114
Event: 207.966 Thread 0x00007f89d331a800 Uncommon trap: reason=class_check action=maybe_recompile pc=0x0000000107c411ac method=java.awt.event.InvocationEvent.dispatch()V @ 11
Event: 207.968 Thread 0x00007f89d3115000 Uncommon trap: reason=class_check action=maybe_recompile pc=0x000000010797f080 method=com.jogamp.common.util.RunnableTask.run()V @ 24
Event: 207.968 Thread 0x00007f89d3115000 Uncommon trap: reason=unstable_if action=reinterpret pc=0x00000001076362bc method=jogamp.nativewindow.macosx.OSXUtil.RunOnMainThread(ZZLjava/lang/Runnable;)V @ 3
Event: 207.973 Thread 0x00007f89d331a800 Uncommon trap: reason=unstable_if action=reinterpret pc=0x0000000107980570 method=jogamp.opengl.GLContextImpl.release(Z)V @ 161
Event: 207.975 Thread 0x00007f89d331a800 Uncommon trap: reason=unstable_if action=reinterpret pc=0x00000001077d48d8 method=java.util.LinkedList$ListItr.<init>(Ljava/util/LinkedList;I)V @ 26
Event: 207.975 Thread 0x00007f89d331a800 Uncommon trap: reason=unstable_if action=reinterpret pc=0x0000000107b7e628 method=java.security.AccessControlContext.optimize()Ljava/security/AccessControlContext; @ 233
Event: 207.977 Thread 0x00007f89d20ed000 Uncommon trap: reason=class_check action=maybe_recompile pc=0x0000000107934244 method=java.awt.Component.getGraphics()Ljava/awt/Graphics; @ 114
Event: 207.977 Thread 0x00007f89d331a800 Uncommon trap: reason=class_check action=maybe_recompile pc=0x0000000107c411ac method=java.awt.event.InvocationEvent.dispatch()V @ 11
Event: 207.977 Thread 0x00007f89d3115000 Uncommon trap: reason=class_check action=maybe_recompile pc=0x000000010797f080 method=com.jogamp.common.util.RunnableTask.run()V @ 24

Internal exceptions (10 events):
Event: 0.161 Thread 0x00007f89d1803000 Exception <a 'java/lang/NoSuchFieldError': method resolution failed> (0x000000079587c0a8) thrown at [/Users/java_re/workspace/8-2-build-macosx-x86_64/jdk8u60/4407/hotspot/src/share/vm/prims/methodHandles.cpp, line 1146]
Event: 0.163 Thread 0x00007f89d1803000 Exception <a 'java/lang/NoSuchFieldError': method resolution failed> (0x0000000795889878) thrown at [/Users/java_re/workspace/8-2-build-macosx-x86_64/jdk8u60/4407/hotspot/src/share/vm/prims/methodHandles.cpp, line 1146]
Event: 0.308 Thread 0x00007f89d1803000 Exception <a 'java/io/FileNotFoundException'> (0x0000000795905420) thrown at [/Users/java_re/workspace/8-2-build-macosx-x86_64/jdk8u60/4407/hotspot/src/share/vm/prims/jni.cpp, line 709]
Event: 0.308 Thread 0x00007f89d1803000 Exception <a 'java/io/FileNotFoundException'> (0x0000000795905f68) thrown at [/Users/java_re/workspace/8-2-build-macosx-x86_64/jdk8u60/4407/hotspot/src/share/vm/prims/jni.cpp, line 709]
Event: 1.080 Thread 0x00007f89d1803000 Exception <a 'java/io/FileNotFoundException'> (0x0000000795a45040) thrown at [/Users/java_re/workspace/8-2-build-macosx-x86_64/jdk8u60/4407/hotspot/src/share/vm/prims/jni.cpp, line 709]
Event: 3.155 Thread 0x00007f89d2356800 Exception <a 'java/lang/UnsatisfiedLinkError': com.jogamp.common.util.JarUtil.fixNativeLibAttribs(Ljava/lang/String;)Z> (0x0000000796ced168) thrown at [/Users/java_re/workspace/8-2-build-macosx-x86_64/jdk8u60/4407/hotspot/src/share/vm/prims/nativeLookup.c
Event: 3.402 Thread 0x00007f89d3000000 Exception <a 'java/lang/NullPointerException'> (0x00000007956a3c58) thrown at [/Users/java_re/workspace/8-2-build-macosx-x86_64/jdk8u60/4407/hotspot/src/share/vm/interpreter/linkResolver.cpp, line 1178]
Event: 4.015 Thread 0x00007f89d331a800 Exception <a 'java/io/FileNotFoundException'> (0x0000000796178e18) thrown at [/Users/java_re/workspace/8-2-build-macosx-x86_64/jdk8u60/4407/hotspot/src/share/vm/prims/jni.cpp, line 709]
Event: 4.015 Thread 0x00007f89d331a800 Exception <a 'java/io/FileNotFoundException'> (0x0000000796180558) thrown at [/Users/java_re/workspace/8-2-build-macosx-x86_64/jdk8u60/4407/hotspot/src/share/vm/prims/jni.cpp, line 709]
Event: 4.016 Thread 0x00007f89d331a800 Implicit null exception at 0x000000010743b4f5 to 0x000000010743b84d

Events (10 events):
Event: 207.977 Thread 0x00007f89d20ed000 DEOPT UNPACKING pc=0x0000000107291229 sp=0x0000000124248bb0 mode 2
Event: 207.977 loading class java/awt/Window$1DisposeAction
Event: 207.977 loading class java/awt/Window$1DisposeAction done
Event: 207.977 Thread 0x00007f89d331a800 Uncommon trap: trap_request=0xffffffde fr.pc=0x0000000107c411ac
Event: 207.977 Thread 0x00007f89d331a800 DEOPT PACKING pc=0x0000000107c411ac sp=0x000000018e82de20
Event: 207.977 Thread 0x00007f89d331a800 DEOPT UNPACKING pc=0x0000000107291229 sp=0x000000018e82de20 mode 2
Event: 207.977 Thread 0x00007f89d3115000 Uncommon trap: trap_request=0xffffffde fr.pc=0x000000010797f080
Event: 207.977 Thread 0x00007f89d3115000 DEOPT PACKING pc=0x000000010797f080 sp=0x00007fff5ab84620
Event: 207.977 Thread 0x00007f89d3115000 DEOPT UNPACKING pc=0x0000000107291229 sp=0x00007fff5ab845c8 mode 2
Event: 207.977 Thread 0x00007f89d183c000 flushing nmethod 0x00000001075d0990


Dynamic libraries:
0x000000000827c000 	/System/Library/Frameworks/Cocoa.framework/Versions/A/Cocoa
0x000000000827c000 	/System/Library/Frameworks/Security.framework/Versions/A/Security
0x000000000827c000 	/System/Library/Frameworks/ApplicationServices.framework/Versions/A/ApplicationServices
0x000000000827c000 	/usr/lib/libz.1.dylib
0x000000000827c000 	/usr/lib/libSystem.B.dylib
0x000000000827c000 	/usr/lib/libobjc.A.dylib
0x000000000827c000 	/System/Library/Frameworks/CoreFoundation.framework/Versions/A/CoreFoundation
0x000000000827c000 	/System/Library/Frameworks/Foundation.framework/Versions/C/Foundation
0x000000000827c000 	/System/Library/Frameworks/AppKit.framework/Versions/C/AppKit
0x000000000827c000 	/System/Library/Frameworks/CoreData.framework/Versions/A/CoreData
0x000000000827c000 	/System/Library/PrivateFrameworks/RemoteViewServices.framework/Versions/A/RemoteViewServices
0x000000000827c000 	/System/Library/Frameworks/AudioToolbox.framework/Versions/A/AudioToolbox
0x000000000827c000 	/System/Library/Frameworks/AudioUnit.framework/Versions/A/AudioUnit
0x000000000827c000 	/System/Library/PrivateFrameworks/DataDetectorsCore.framework/Versions/A/DataDetectorsCore
0x000000000827c000 	/System/Library/PrivateFrameworks/DesktopServicesPriv.framework/Versions/A/DesktopServicesPriv
0x000000000827c000 	/System/Library/Frameworks/Carbon.framework/Versions/A/Frameworks/HIToolbox.framework/Versions/A/HIToolbox
0x000000000827c000 	/System/Library/Frameworks/QuartzCore.framework/Versions/A/QuartzCore
0x000000000827c000 	/System/Library/Frameworks/Carbon.framework/Versions/A/Frameworks/SpeechRecognition.framework/Versions/A/SpeechRecognition
0x000000000827c000 	/usr/lib/libauto.dylib
0x000000000827c000 	/usr/lib/libicucore.A.dylib
0x000000000827c000 	/usr/lib/libxml2.2.dylib
0x000000000827c000 	/System/Library/PrivateFrameworks/CoreUI.framework/Versions/A/CoreUI
0x000000000827c000 	/System/Library/Frameworks/CoreAudio.framework/Versions/A/CoreAudio
0x000000000827c000 	/System/Library/Frameworks/DiskArbitration.framework/Versions/A/DiskArbitration
0x000000000827c000 	/usr/lib/liblangid.dylib
0x000000000827c000 	/System/Library/PrivateFrameworks/MultitouchSupport.framework/Versions/A/MultitouchSupport
0x000000000827c000 	/System/Library/Frameworks/IOKit.framework/Versions/A/IOKit
0x000000000827c000 	/usr/lib/libDiagnosticMessagesClient.dylib
0x000000000827c000 	/System/Library/Frameworks/CoreServices.framework/Versions/A/CoreServices
0x000000000827c000 	/System/Library/PrivateFrameworks/PerformanceAnalysis.framework/Versions/A/PerformanceAnalysis
0x000000000827c000 	/System/Library/PrivateFrameworks/GenerationalStorage.framework/Versions/A/GenerationalStorage
0x000000000827c000 	/System/Library/Frameworks/OpenGL.framework/Versions/A/OpenGL
0x000000000827c000 	/System/Library/PrivateFrameworks/Sharing.framework/Versions/A/Sharing
0x000000000827c000 	/System/Library/Frameworks/ImageIO.framework/Versions/A/ImageIO
0x000000000827c000 	/System/Library/Frameworks/CoreText.framework/Versions/A/CoreText
0x000000000827c000 	/System/Library/Frameworks/CoreGraphics.framework/Versions/A/CoreGraphics
0x000000000827c000 	/System/Library/PrivateFrameworks/Backup.framework/Versions/A/Backup
0x000000000827c000 	/System/Library/Frameworks/CFNetwork.framework/Versions/A/CFNetwork
0x000000000827c000 	/System/Library/Frameworks/SystemConfiguration.framework/Versions/A/SystemConfiguration
0x000000000827c000 	/usr/lib/libCRFSuite.dylib
0x000000000827c000 	/usr/lib/libc++.1.dylib
0x000000000827c000 	/usr/lib/libc++abi.dylib
0x000000000827c000 	/usr/lib/system/libcache.dylib
0x000000000827c000 	/usr/lib/system/libcommonCrypto.dylib
0x000000000827c000 	/usr/lib/system/libcompiler_rt.dylib
0x000000000827c000 	/usr/lib/system/libcopyfile.dylib
0x000000000827c000 	/usr/lib/system/libcorecrypto.dylib
0x000000000827c000 	/usr/lib/system/libdispatch.dylib
0x000000000827c000 	/usr/lib/system/libdyld.dylib
0x000000000827c000 	/usr/lib/system/libkeymgr.dylib
0x000000000827c000 	/usr/lib/system/liblaunch.dylib
0x000000000827c000 	/usr/lib/system/libmacho.dylib
0x000000000827c000 	/usr/lib/system/libquarantine.dylib
0x000000000827c000 	/usr/lib/system/libremovefile.dylib
0x000000000827c000 	/usr/lib/system/libsystem_asl.dylib
0x000000000827c000 	/usr/lib/system/libsystem_blocks.dylib
0x000000000827c000 	/usr/lib/system/libsystem_c.dylib
0x000000000827c000 	/usr/lib/system/libsystem_configuration.dylib
0x000000000827c000 	/usr/lib/system/libsystem_dnssd.dylib
0x000000000827c000 	/usr/lib/system/libsystem_info.dylib
0x000000000827c000 	/usr/lib/system/libsystem_kernel.dylib
0x000000000827c000 	/usr/lib/system/libsystem_m.dylib
0x000000000827c000 	/usr/lib/system/libsystem_malloc.dylib
0x000000000827c000 	/usr/lib/system/libsystem_network.dylib
0x000000000827c000 	/usr/lib/system/libsystem_notify.dylib
0x000000000827c000 	/usr/lib/system/libsystem_platform.dylib
0x000000000827c000 	/usr/lib/system/libsystem_pthread.dylib
0x000000000827c000 	/usr/lib/system/libsystem_sandbox.dylib
0x000000000827c000 	/usr/lib/system/libsystem_stats.dylib
0x000000000827c000 	/usr/lib/system/libunc.dylib
0x000000000827c000 	/usr/lib/system/libunwind.dylib
0x000000000827c000 	/usr/lib/system/libxpc.dylib
0x000000000827c000 	/usr/lib/libbsm.0.dylib
0x000000000827c000 	/usr/lib/libsqlite3.dylib
0x000000000827c000 	/usr/lib/libxar.1.dylib
0x000000000827c000 	/usr/lib/libpam.2.dylib
0x000000000827c000 	/usr/lib/libOpenScriptingUtil.dylib
0x000000000827c000 	/usr/lib/libbz2.1.0.dylib
0x000000000827c000 	/System/Library/Frameworks/CoreServices.framework/Versions/A/Frameworks/CarbonCore.framework/Versions/A/CarbonCore
0x000000000827c000 	/System/Library/Frameworks/CoreServices.framework/Versions/A/Frameworks/Metadata.framework/Versions/A/Metadata
0x000000000827c000 	/System/Library/Frameworks/CoreServices.framework/Versions/A/Frameworks/OSServices.framework/Versions/A/OSServices
0x000000000827c000 	/System/Library/Frameworks/CoreServices.framework/Versions/A/Frameworks/SearchKit.framework/Versions/A/SearchKit
0x000000000827c000 	/System/Library/Frameworks/CoreServices.framework/Versions/A/Frameworks/AE.framework/Versions/A/AE
0x000000000827c000 	/System/Library/Frameworks/CoreServices.framework/Versions/A/Frameworks/LaunchServices.framework/Versions/A/LaunchServices
0x000000000827c000 	/System/Library/Frameworks/CoreServices.framework/Versions/A/Frameworks/DictionaryServices.framework/Versions/A/DictionaryServices
0x000000000827c000 	/System/Library/Frameworks/NetFS.framework/Versions/A/NetFS
0x000000000827c000 	/usr/lib/system/libkxld.dylib
0x000000000827c000 	/System/Library/PrivateFrameworks/NetAuth.framework/Versions/A/NetAuth
0x000000000827c000 	/System/Library/PrivateFrameworks/TCC.framework/Versions/A/TCC
0x000000000827c000 	/System/Library/Frameworks/OpenDirectory.framework/Versions/A/Frameworks/CFOpenDirectory.framework/Versions/A/CFOpenDirectory
0x000000000827c000 	/System/Library/Frameworks/ServiceManagement.framework/Versions/A/ServiceManagement
0x000000000827c000 	/usr/lib/libxslt.1.dylib
0x000000000827c000 	/System/Library/Frameworks/Carbon.framework/Versions/A/Frameworks/Ink.framework/Versions/A/Ink
0x000000000827c000 	/System/Library/Frameworks/ApplicationServices.framework/Versions/A/Frameworks/ATS.framework/Versions/A/ATS
0x000000000827c000 	/System/Library/Frameworks/ApplicationServices.framework/Versions/A/Frameworks/ColorSync.framework/Versions/A/ColorSync
0x000000000827c000 	/System/Library/Frameworks/ApplicationServices.framework/Versions/A/Frameworks/HIServices.framework/Versions/A/HIServices
0x000000000827c000 	/System/Library/Frameworks/ApplicationServices.framework/Versions/A/Frameworks/LangAnalysis.framework/Versions/A/LangAnalysis
0x000000000827c000 	/System/Library/Frameworks/ApplicationServices.framework/Versions/A/Frameworks/PrintCore.framework/Versions/A/PrintCore
0x000000000827c000 	/System/Library/Frameworks/ApplicationServices.framework/Versions/A/Frameworks/QD.framework/Versions/A/QD
0x000000000827c000 	/System/Library/Frameworks/ApplicationServices.framework/Versions/A/Frameworks/SpeechSynthesis.framework/Versions/A/SpeechSynthesis
0x000000000827c000 	/System/Library/Frameworks/IOSurface.framework/Versions/A/IOSurface
0x000000000827c000 	/System/Library/Frameworks/Accelerate.framework/Versions/A/Accelerate
0x000000000827c000 	/System/Library/Frameworks/Accelerate.framework/Versions/A/Frameworks/vImage.framework/Versions/A/vImage
0x000000000827c000 	/System/Library/Frameworks/Accelerate.framework/Versions/A/Frameworks/vecLib.framework/Versions/A/vecLib
0x000000000827c000 	/System/Library/Frameworks/Accelerate.framework/Versions/A/Frameworks/vecLib.framework/Versions/A/libvDSP.dylib
0x000000000827c000 	/System/Library/Frameworks/Accelerate.framework/Versions/A/Frameworks/vecLib.framework/Versions/A/libvMisc.dylib
0x000000000827c000 	/System/Library/Frameworks/Accelerate.framework/Versions/A/Frameworks/vecLib.framework/Versions/A/libLAPACK.dylib
0x000000000827c000 	/System/Library/Frameworks/Accelerate.framework/Versions/A/Frameworks/vecLib.framework/Versions/A/libBLAS.dylib
0x000000000827c000 	/System/Library/Frameworks/ApplicationServices.framework/Versions/A/Frameworks/ATS.framework/Versions/A/Resources/libFontParser.dylib
0x000000000827c000 	/System/Library/Frameworks/ApplicationServices.framework/Versions/A/Frameworks/ATS.framework/Versions/A/Resources/libFontRegistry.dylib
0x000000000827c000 	/System/Library/Frameworks/ImageIO.framework/Versions/A/Resources/libJPEG.dylib
0x000000000827c000 	/System/Library/Frameworks/ImageIO.framework/Versions/A/Resources/libTIFF.dylib
0x000000000827c000 	/System/Library/Frameworks/ImageIO.framework/Versions/A/Resources/libPng.dylib
0x000000000827c000 	/System/Library/Frameworks/ImageIO.framework/Versions/A/Resources/libGIF.dylib
0x000000000827c000 	/System/Library/Frameworks/ImageIO.framework/Versions/A/Resources/libJP2.dylib
0x000000000827c000 	/System/Library/Frameworks/ImageIO.framework/Versions/A/Resources/libRadiance.dylib
0x000000000827c000 	/usr/lib/libcups.2.dylib
0x000000000827c000 	/System/Library/Frameworks/Kerberos.framework/Versions/A/Kerberos
0x000000000827c000 	/System/Library/Frameworks/GSS.framework/Versions/A/GSS
0x000000000827c000 	/usr/lib/libresolv.9.dylib
0x000000000827c000 	/usr/lib/libiconv.2.dylib
0x000000000827c000 	/System/Library/PrivateFrameworks/Heimdal.framework/Versions/A/Heimdal
0x000000000827c000 	/System/Library/PrivateFrameworks/TrustEvaluationAgent.framework/Versions/A/TrustEvaluationAgent
0x000000000827c000 	/usr/lib/libheimdal-asn1.dylib
0x000000000827c000 	/System/Library/Frameworks/OpenDirectory.framework/Versions/A/OpenDirectory
0x000000000827c000 	/System/Library/PrivateFrameworks/CommonAuth.framework/Versions/A/CommonAuth
0x000000000827c000 	/System/Library/Frameworks/SecurityFoundation.framework/Versions/A/SecurityFoundation
0x000000000827c000 	/System/Library/PrivateFrameworks/Bom.framework/Versions/A/Bom
0x000000000827c000 	/System/Library/Frameworks/CoreVideo.framework/Versions/A/CoreVideo
0x000000000827c000 	/System/Library/Frameworks/QuartzCore.framework/Versions/A/Frameworks/CoreImage.framework/Versions/A/CoreImage
0x000000000827c000 	/System/Library/Frameworks/QuartzCore.framework/Versions/A/Frameworks/ScalableUserInterface.framework/Versions/A/ScalableUserInterface
0x000000000827c000 	/System/Library/Frameworks/OpenGL.framework/Versions/A/Libraries/libGLU.dylib
0x000000000827c000 	/System/Library/Frameworks/OpenGL.framework/Versions/A/Libraries/libGFXShared.dylib
0x000000000827c000 	/System/Library/Frameworks/OpenGL.framework/Versions/A/Libraries/libGL.dylib
0x000000000827c000 	/System/Library/Frameworks/OpenGL.framework/Versions/A/Libraries/libGLImage.dylib
0x000000000827c000 	/System/Library/Frameworks/OpenGL.framework/Versions/A/Libraries/libCVMSPluginSupport.dylib
0x000000000827c000 	/System/Library/Frameworks/OpenGL.framework/Versions/A/Libraries/libCoreVMClient.dylib
0x000000000827c000 	/System/Library/PrivateFrameworks/FaceCore.framework/Versions/A/FaceCore
0x000000000827c000 	/System/Library/PrivateFrameworks/CrashReporterSupport.framework/Versions/A/CrashReporterSupport
0x000000000827c000 	/System/Library/Frameworks/OpenCL.framework/Versions/A/OpenCL
0x000000000827c000 	/System/Library/PrivateFrameworks/AppleFSCompression.framework/Versions/A/AppleFSCompression
0x000000000827c000 	/System/Library/PrivateFrameworks/Ubiquity.framework/Versions/A/Ubiquity
0x000000000827c000 	/System/Library/PrivateFrameworks/IconServices.framework/Versions/A/IconServices
0x000000000827c000 	/System/Library/PrivateFrameworks/ChunkingLibrary.framework/Versions/A/ChunkingLibrary
0x000000000827c000 	/System/Library/PrivateFrameworks/CoreSymbolication.framework/Versions/A/CoreSymbolication
0x000000000827c000 	/System/Library/PrivateFrameworks/Symbolication.framework/Versions/A/Symbolication
0x000000000827c000 	/System/Library/PrivateFrameworks/DebugSymbols.framework/Versions/A/DebugSymbols
0x0000000106200000 	/Library/Java/JavaVirtualMachines/jdk1.8.0_60.jdk/Contents/Home/jre/lib/server/libjvm.dylib
0x000000000827c000 	/usr/lib/libstdc++.6.dylib
0x000000010518c000 	/Library/Java/JavaVirtualMachines/jdk1.8.0_60.jdk/Contents/Home/jre/lib/libverify.dylib
0x000000010519a000 	/Library/Java/JavaVirtualMachines/jdk1.8.0_60.jdk/Contents/Home/jre/lib/libjava.dylib
0x00000001051d9000 	/Library/Java/JavaVirtualMachines/jdk1.8.0_60.jdk/Contents/Home/jre/lib/libzip.dylib
0x00000001051e3000 	/System/Library/Frameworks/JavaVM.framework/Frameworks/JavaRuntimeSupport.framework/JavaRuntimeSupport
0x000000011e38f000 	/System/Library/Frameworks/JavaVM.framework/Versions/A/Frameworks/JavaNativeFoundation.framework/Versions/A/JavaNativeFoundation
0x000000011e3a4000 	/System/Library/Frameworks/JavaVM.framework/Versions/A/JavaVM
0x000000000827c000 	/System/Library/Frameworks/Carbon.framework/Versions/A/Carbon
0x000000011e3b1000 	/System/Library/PrivateFrameworks/JavaLaunching.framework/Versions/A/JavaLaunching
0x000000000827c000 	/System/Library/Frameworks/Carbon.framework/Versions/A/Frameworks/CommonPanels.framework/Versions/A/CommonPanels
0x000000000827c000 	/System/Library/Frameworks/Carbon.framework/Versions/A/Frameworks/Help.framework/Versions/A/Help
0x000000000827c000 	/System/Library/Frameworks/Carbon.framework/Versions/A/Frameworks/ImageCapture.framework/Versions/A/ImageCapture
0x000000000827c000 	/System/Library/Frameworks/Carbon.framework/Versions/A/Frameworks/OpenScripting.framework/Versions/A/OpenScripting
0x000000000827c000 	/System/Library/Frameworks/Carbon.framework/Versions/A/Frameworks/Print.framework/Versions/A/Print
0x000000000827c000 	/System/Library/Frameworks/Carbon.framework/Versions/A/Frameworks/SecurityHI.framework/Versions/A/SecurityHI
0x000000011ec20000 	/Library/Java/JavaVirtualMachines/jdk1.8.0_60.jdk/Contents/Home/jre/lib/libawt.dylib
0x000000011ecc8000 	/Library/Java/JavaVirtualMachines/jdk1.8.0_60.jdk/Contents/Home/jre/lib/./libmlib_image.dylib
0x000000011ed94000 	/Library/Java/JavaVirtualMachines/jdk1.8.0_60.jdk/Contents/Home/jre/lib/libawt_lwawt.dylib
0x000000011ee49000 	/Library/Java/JavaVirtualMachines/jdk1.8.0_60.jdk/Contents/Home/jre/lib/./libosxapp.dylib
0x000000000827c000 	/System/Library/Frameworks/ExceptionHandling.framework/Versions/A/ExceptionHandling
0x000000000827c000 	/System/Library/PrivateFrameworks/CoreServicesInternal.framework/Versions/A/CoreServicesInternal
0x000000000827c000 	/System/Library/PrivateFrameworks/Librarian.framework/Versions/A/Librarian
0x00000001206ad000 	/System/Library/Frameworks/CoreGraphics.framework/Versions/A/Resources/libCGCMS.A.dylib
0x00000001207bf000 	/System/Library/Frameworks/CoreGraphics.framework/Versions/A/Resources/libRIP.A.dylib
0x0000000120910000 	/System/Library/Frameworks/CoreGraphics.framework/Versions/A/Resources/libCGXType.A.dylib
0x000000000827c000 	/System/Library/PrivateFrameworks/FamilyControls.framework/Versions/A/FamilyControls
0x000000000827c000 	/System/Library/PrivateFrameworks/CommerceKit.framework/Versions/A/Frameworks/CommerceCore.framework/Versions/A/CommerceCore
0x000000000827c000 	/System/Library/PrivateFrameworks/SystemAdministration.framework/Versions/A/SystemAdministration
0x000000000827c000 	/System/Library/Frameworks/DirectoryService.framework/Versions/A/DirectoryService
0x000000000827c000 	/System/Library/PrivateFrameworks/DiskImages.framework/Versions/A/DiskImages
0x000000000827c000 	/System/Library/PrivateFrameworks/LoginUIKit.framework/Versions/A/Frameworks/LoginUICore.framework/Versions/A/LoginUICore
0x000000000827c000 	/usr/lib/libCoreStorage.dylib
0x000000000827c000 	/usr/lib/libcsfde.dylib
0x000000000827c000 	/usr/lib/libodfde.dylib
0x000000000827c000 	/System/Library/Frameworks/DiscRecording.framework/Versions/A/DiscRecording
0x000000000827c000 	/usr/lib/libcurl.4.dylib
0x000000000827c000 	/System/Library/PrivateFrameworks/MediaKit.framework/Versions/A/MediaKit
0x000000000827c000 	/System/Library/PrivateFrameworks/EFILogin.framework/Versions/A/EFILogin
0x000000000827c000 	/usr/lib/libutil.dylib
0x000000000827c000 	/System/Library/PrivateFrameworks/AOSNotification.framework/Versions/A/AOSNotification
0x000000000827c000 	/System/Library/Frameworks/LDAP.framework/Versions/A/LDAP
0x000000000827c000 	/usr/lib/libsasl2.2.dylib
0x000000000827c000 	/usr/lib/libcrypto.0.9.8.dylib
0x000000000827c000 	/usr/lib/libssl.0.9.8.dylib
0x000000012329a000 	/System/Library/Frameworks/OpenGL.framework/Resources/GLEngine.bundle/GLEngine
0x000000000827c000 	/System/Library/Frameworks/OpenGL.framework/Versions/A/Libraries/libGLProgrammability.dylib
0x0000000000000000 	/System/Library/Extensions/AppleIntelHD3000GraphicsGLDriver.bundle/Contents/MacOS/AppleIntelHD3000GraphicsGLDriver
0x0000000123476000 	/System/Library/PrivateFrameworks/GPUSupport.framework/Versions/A/Libraries/libGPUSupport.dylib
0x0000000000000000 	/System/Library/Extensions/AMDRadeonX3000GLDriver.bundle/Contents/MacOS/AMDRadeonX3000GLDriver
0x000000000827c000 	/System/Library/PrivateFrameworks/IOAccelerator.framework/Versions/A/IOAccelerator
0x000000000827c000 	/System/Library/PrivateFrameworks/GPUSupport.framework/Versions/A/Libraries/libGPUSupportMercury.dylib
0x0000000123887000 	/System/Library/Frameworks/OpenGL.framework/Resources//GLRendererFloat.bundle/GLRendererFloat
0x000000000827c000 	/System/Library/Frameworks/OpenCL.framework/Versions/A/Libraries/libcldcpuengine.dylib
0x0000000123a4a000 	/Library/Java/JavaVirtualMachines/jdk1.8.0_60.jdk/Contents/Home/jre/lib/libfontmanager.dylib
0x00000001246ac000 	/Library/Java/JavaVirtualMachines/jdk1.8.0_60.jdk/Contents/Home/jre/lib/libosxui.dylib
0x000000012496b000 	/Library/Java/JavaVirtualMachines/jdk1.8.0_60.jdk/Contents/Home/jre/lib/libnet.dylib
0x00000001246c8000 	/Library/Java/JavaVirtualMachines/jdk1.8.0_60.jdk/Contents/Home/jre/lib/libnio.dylib
0x000000000827c000 	/System/Library/Frameworks/ApplicationServices.framework/Versions/A/Frameworks/ATS.framework/Versions/A/Resources/libTrueTypeScaler.dylib
0x000000018e1b3000 	/private/var/folders/dq/8vd9g93j6j717nnzy6dwncyr0000gn/T/jogamp_0000/file_cache/jln2019979335936053129/jln3983929863183128673/libgluegen-rt.jnilib
0x0000000123fb4000 	/private/var/folders/dq/8vd9g93j6j717nnzy6dwncyr0000gn/T/jogamp_0000/file_cache/jln2019979335936053129/jln3983929863183128673/libnativewindow_awt.jnilib
0x000000018e1b7000 	/Library/Java/JavaVirtualMachines/jdk1.8.0_60.jdk/Contents/Home/jre/lib/libjawt.dylib
0x000000018e1ba000 	/private/var/folders/dq/8vd9g93j6j717nnzy6dwncyr0000gn/T/jogamp_0000/file_cache/jln2019979335936053129/jln3983929863183128673/libnativewindow_macosx.jnilib
0x000000018fbb4000 	/private/var/folders/dq/8vd9g93j6j717nnzy6dwncyr0000gn/T/jogamp_0000/file_cache/jln2019979335936053129/jln3983929863183128673/libjogl_desktop.jnilib
0x000000018f928000 	/Library/Java/JavaVirtualMachines/jdk1.8.0_60.jdk/Contents/Home/jre/lib/libt2k.dylib

VM Arguments:
jvm_args: -Djava.security.policy=java.policy.applet -Dfile.encoding=UTF-8 
java_command: sun.applet.AppletViewer module6.EarthquakeCityMap1448842650983.html
java_class_path (initial): /Users/admin/Documents/code/Eclipse/UCSDUnfoldingMaps/build:/Users/admin/Documents/code/Eclipse/UCSDUnfoldingMaps/lib/core.jar:/Users/admin/Documents/code/Eclipse/UCSDUnfoldingMaps/lib/gluegen-rt.jar:/Users/admin/Documents/code/Eclipse/UCSDUnfoldingMaps/lib/jogl-all.jar:/Users/admin/Documents/code/Eclipse/UCSDUnfoldingMaps/lib/log4j-1.2.15.jar:/Users/admin/Documents/code/Eclipse/UCSDUnfoldingMaps/lib/sqlite-jdbc-3.7.2.jar:/Users/admin/Documents/code/Eclipse/UCSDUnfoldingMaps/lib/json4processing.jar:/Users/admin/Documents/code/Eclipse/UCSDUnfoldingMaps/lib/libTUIO.jar:/Users/admin/Documents/code/Eclipse/UCSDUnfoldingMaps/lib/unfolding.0.9.7-uscd.jar
Launcher Type: SUN_STANDARD

Environment Variables:
PATH=/usr/bin:/bin:/usr/sbin:/sbin
SHELL=/bin/bash

Signal Handlers:
SIGSEGV: [libjvm.dylib+0x5a6d31], sa_mask[0]=11111111011111110111111111111111, sa_flags=SA_ONSTACK|SA_RESTART|SA_SIGINFO
SIGBUS: [libjvm.dylib+0x5a6d31], sa_mask[0]=11111111011111110111111111111111, sa_flags=SA_RESTART|SA_SIGINFO
SIGFPE: [libjvm.dylib+0x480a4c], sa_mask[0]=11111111011111110111111111111111, sa_flags=SA_RESTART|SA_SIGINFO
SIGPIPE: [libjvm.dylib+0x480a4c], sa_mask[0]=11111111011111110111111111111111, sa_flags=SA_RESTART|SA_SIGINFO
SIGXFSZ: [libjvm.dylib+0x480a4c], sa_mask[0]=11111111011111110111111111111111, sa_flags=SA_RESTART|SA_SIGINFO
SIGILL: [libjvm.dylib+0x480a4c], sa_mask[0]=11111111011111110111111111111111, sa_flags=SA_RESTART|SA_SIGINFO
SIGUSR1: SIG_DFL, sa_mask[0]=00000000000000000000000000000000, sa_flags=SA_RESTART
SIGUSR2: [libjvm.dylib+0x48056a], sa_mask[0]=00100000000000000000000000000000, sa_flags=SA_RESTART|SA_SIGINFO
SIGHUP: [libjvm.dylib+0x47eb41], sa_mask[0]=11111111011111110111111111111111, sa_flags=SA_RESTART|SA_SIGINFO
SIGINT: [libjvm.dylib+0x47eb41], sa_mask[0]=11111111011111110111111111111111, sa_flags=SA_RESTART|SA_SIGINFO
SIGTERM: [libjvm.dylib+0x47eb41], sa_mask[0]=11111111011111110111111111111111, sa_flags=SA_RESTART|SA_SIGINFO
SIGQUIT: [libjvm.dylib+0x47eb41], sa_mask[0]=11111111011111110111111111111111, sa_flags=SA_RESTART|SA_SIGINFO


---------------  S Y S T E M  ---------------

OS:Bsduname:Darwin 13.4.0 Darwin Kernel Version 13.4.0: Sun Aug 17 19:50:11 PDT 2014; root:xnu-2422.115.4~1/RELEASE_X86_64 x86_64
rlimit: STACK 8192k, CORE 0k, NPROC 709, NOFILE 10240, AS infinity
load average:0.68 1.13 1.56

CPU:total 8 (4 cores per cpu, 2 threads per core) family 6 model 42 stepping 7, cmov, cx8, fxsr, mmx, sse, sse2, sse3, ssse3, sse4.1, sse4.2, popcnt, avx, aes, clmul, ht, tsc, tscinvbit

Memory: 4k page, physical 8388608k(2098344k free)

/proc/meminfo:


vm_info: Java HotSpot(TM) 64-Bit Server VM (25.60-b23) for bsd-amd64 JRE (1.8.0_60-b27), built on Aug  4 2015 10:47:24 by "java_re" with gcc 4.2.1 (Based on Apple Inc. build 5658) (LLVM build 2336.11.00)

time: Sun Nov 29 16:20:59 2015
elapsed time: 208 seconds (0d 0h 3m 28s)

