#
# A fatal error has been detected by the Java Runtime Environment:
#
#  SIGSEGV (0xb) at pc=0x00007fff922b1097, pid=1880, tid=3335
#
# JRE version: Java(TM) SE Runtime Environment (8.0_60-b27) (build 1.8.0_60-b27)
# Java VM: Java HotSpot(TM) 64-Bit Server VM (25.60-b23 mixed mode bsd-amd64 compressed oops)
# Problematic frame:
# C  [libobjc.A.dylib+0x5097]  objc_msgSend+0x17
#
# Failed to write core dump. Core dumps have been disabled. To enable core dumping, try "ulimit -c unlimited" before starting Java again
#
# If you would like to submit a bug report, please visit:
#   http://bugreport.java.com/bugreport/crash.jsp
# The crash happened outside the Java Virtual Machine in native code.
# See problematic frame for where to report the bug.
#

---------------  T H R E A D  ---------------

Current thread (0x00007fe9f20a0800):  JavaThread "AWT-AppKit" daemon [_thread_in_native, id=3335, stack(0x00007fff54149000,0x00007fff54949000)]

siginfo: si_signo: 11 (SIGSEGV), si_code: 0 (unknown), si_addr: 0x0000000000000000

Registers:
RAX=0x00007fe9f8942d90, RBX=0x00000001941f7450, RCX=0x00000001267e8980, RDX=0x00000001267e87c0
RSP=0x00007fff549443a8, RBP=0x00007fff54944460, RSI=0x00007fff90f344c6, RDI=0x00007fe9f84b3e00
R8 =0x0000000000000000, R9 =0x00000000000006d0, R10=0x00007fff90f344c6, R11=0x6000000000000000
R12=0x0000000000000000, R13=0x0000000195d06d90, R14=0x00000001941f7440, R15=0x00007fe9f20a0800
RIP=0x00007fff922b1097, EFLAGS=0x0000000000010246, ERR=0x0000000000000000
  TRAPNO=0x000000000000000d

Top of Stack: (sp=0x00007fff549443a8)
0x00007fff549443a8:   00000001941f5157 00007fff54944400
0x00007fff549443b8:   0000000000000003 00007fff549443e0
0x00007fff549443c8:   000000010c5f1992 0000000195d06d90
0x00007fff549443d8:   0000000195d06d90 00007fe9f8942d90
0x00007fff549443e8:   00000001941f76a0 00000001941f7710
0x00007fff549443f8:   00007fff7a86bfb0 00007fff7a056420
0x00007fff54944408:   00000001941f7450 00000001941f7690
0x00007fff54944418:   00007fe9f8942d90 00007fe9f84b3e00
0x00007fff54944428:   00007fe9f1728270 00007fe9f8942d90
0x00007fff54944438:   00007fe9f84b3e00 00007fff549444e8
0x00007fff54944448:   00007fe9f20a09f8 0000000195d06d90
0x00007fff54944458:   00007fff54944510 00007fff549444d8
0x00007fff54944468:   000000010d4d6954 0000000195d06d90
0x00007fff54944478:   00007fff54944510 00007fff549444d8
0x00007fff54944488:   000000010d4d66e7 000000010d4d66a2
0x00007fff54944498:   00007fff54944498 0000000195d06d90
0x00007fff549444a8:   00007fff54944510 0000000195d099c8
0x00007fff549444b8:   0000000000000000 0000000195d06d90
0x00007fff549444c8:   0000000000000000 00007fff549444f8
0x00007fff549444d8:   00007fff54944558 000000010d4c8c4d
0x00007fff549444e8:   000000074106a200 000000010d4d0578
0x00007fff549444f8:   00007fe9f8942d90 00007fff54944558
0x00007fff54944508:   00007fe9f84b3e00 000000010d4d1d82
0x00007fff54944518:   00007fff54944518 0000000195d06f5a
0x00007fff54944528:   00007fff54944580 0000000195d099c8
0x00007fff54944538:   0000000000000000 0000000195d06f68
0x00007fff54944548:   00007fff549444f8 00007fff54944568
0x00007fff54944558:   00007fff549445c8 000000010d4c8c4d
0x00007fff54944568:   00007fe9f8942d90 0000000740d7ff20
0x00007fff54944578:   00007fe9f84b3e00 0000000740d7ff20
0x00007fff54944588:   00007fff54944588 000000019a88ecfe
0x00007fff54944598:   00007fff549445d8 000000019a88edb8 

Instructions: (pc=0x00007fff922b1097)
0x00007fff922b1077:   90 90 90 90 90 90 90 90 90 48 85 ff 2e 74 72 40
0x00007fff922b1087:   f6 c7 01 2e 0f 85 7e 00 00 00 4c 8b 1f 49 89 f2
0x00007fff922b1097:   45 23 53 18 49 c1 e2 04 4d 03 53 10 49 3b 32 75
0x00007fff922b10a7:   04 41 ff 62 08 49 83 3a 00 74 74 4d 3b 53 10 74 

Register to memory mapping:

RAX=0x00007fe9f8942d90 is an unknown value
RBX=0x00000001941f7450: Java_jogamp_nativewindow_macosx_OSXUtil_GetScreenRefreshRate0+0x1cf0 in /private/var/folders/dq/8vd9g93j6j717nnzy6dwncyr0000gn/T/jogamp_0000/file_cache/jln9088155071054798003/jln8691732817705145843/libnativewindow_macosx.jnilib at 0x00000001941f0000
RCX=0x00000001267e8980 is an unknown value
RDX=0x00000001267e87c0 is an unknown value
RSP=0x00007fff549443a8 is pointing into the stack for thread: 0x00007fe9f20a0800
RBP=0x00007fff54944460 is pointing into the stack for thread: 0x00007fe9f20a0800
RSI=0x00007fff90f344c6: NSAppKitVersionNumber+0x12eb6 in /System/Library/Frameworks/AppKit.framework/Versions/C/AppKit at 0x00007fff904d1000
RDI=0x00007fe9f84b3e00 is an unknown value
R8 =0x0000000000000000 is an unknown value
R9 =0x00000000000006d0 is an unknown value
R10=0x00007fff90f344c6: NSAppKitVersionNumber+0x12eb6 in /System/Library/Frameworks/AppKit.framework/Versions/C/AppKit at 0x00007fff904d1000
R11=0x6000000000000000 is an unknown value
R12=0x0000000000000000 is an unknown value
R13={method} {0x0000000195d06d90} 'UnsetJAWTRootSurfaceLayer0' '(JJ)V' in 'jogamp/nativewindow/jawt/macosx/MacOSXJAWTWindow'
R14=0x00000001941f7440: Java_jogamp_nativewindow_macosx_OSXUtil_GetScreenRefreshRate0+0x1ce0 in /private/var/folders/dq/8vd9g93j6j717nnzy6dwncyr0000gn/T/jogamp_0000/file_cache/jln9088155071054798003/jln8691732817705145843/libnativewindow_macosx.jnilib at 0x00000001941f0000
R15=0x00007fe9f20a0800 is a thread


Stack: [0x00007fff54149000,0x00007fff54949000],  sp=0x00007fff549443a8,  free space=8172k
Native frames: (J=compiled Java code, j=interpreted, Vv=VM code, C=native code)
C  [libobjc.A.dylib+0x5097]  objc_msgSend+0x17
j  jogamp.nativewindow.jawt.macosx.MacOSXJAWTWindow.UnsetJAWTRootSurfaceLayer0(JJ)V+0
j  jogamp.nativewindow.jawt.macosx.MacOSXJAWTWindow.access$200(JJ)V+2
j  jogamp.nativewindow.jawt.macosx.MacOSXJAWTWindow$1.run()V+38
j  com.jogamp.common.util.RunnableTask.run()V+24
v  ~StubRoutines::call_stub
V  [libjvm.dylib+0x2eab0e]  JavaCalls::call_helper(JavaValue*, methodHandle*, JavaCallArguments*, Thread*)+0x6ae
V  [libjvm.dylib+0x321bb7]  jni_invoke_nonstatic(JNIEnv_*, JavaValue*, _jobject*, JNICallType, _jmethodID*, JNI_ArgumentPusher*, Thread*)+0x2ec
V  [libjvm.dylib+0x31438b]  jni_CallVoidMethod+0x16b
C  [libnativewindow_macosx.jnilib+0x5326]  Java_jogamp_nativewindow_jawt_macosx_MacOSXJAWTWindow_UnsetJAWTRootSurfaceLayer0+0x2b6
C  [Foundation+0x637ce]  __NSThreadPerformPerform+0xe5
C  [CoreFoundation+0x7f5b1]  __CFRUNLOOP_IS_CALLING_OUT_TO_A_SOURCE0_PERFORM_FUNCTION__+0x11
C  [CoreFoundation+0x70d29]  __CFRunLoopDoSources0+0x1b9
C  [CoreFoundation+0x703ef]  __CFRunLoopRun+0x33f
C  [CoreFoundation+0x6fe75]  CFRunLoopRunSpecific+0x135
C  [HIToolbox+0x2ea0d]  RunCurrentEventLoopInMode+0xe2
C  [HIToolbox+0x2e685]  ReceiveNextEventCommon+0xad
C  [HIToolbox+0x2e5bc]  _BlockUntilNextEventMatchingListInModeWithFilter+0x41
C  [AppKit+0x2424e]  _DPSNextEvent+0x59a
C  [AppKit+0x2389b]  -[NSApplication nextEventMatchingMask:untilDate:inMode:dequeue:]+0x7a
C  [libosxapp.dylib+0x23aa]  -[NSApplicationAWT nextEventMatchingMask:untilDate:inMode:dequeue:]+0x7c
C  [AppKit+0x1799c]  -[NSApplication run]+0x229
C  [libosxapp.dylib+0x214d]  +[NSApplicationAWT runAWTLoopWithApp:]+0x9c
C  [libawt_lwawt.dylib+0x44517]  -[AWTStarter starter:]+0x389
C  [Foundation+0x637ce]  __NSThreadPerformPerform+0xe5
C  [CoreFoundation+0x7f5b1]  __CFRUNLOOP_IS_CALLING_OUT_TO_A_SOURCE0_PERFORM_FUNCTION__+0x11
C  [CoreFoundation+0x70c62]  __CFRunLoopDoSources0+0xf2
C  [CoreFoundation+0x703ef]  __CFRunLoopRun+0x33f
C  [CoreFoundation+0x6fe75]  CFRunLoopRunSpecific+0x135
C  [java+0x6463]  CreateExecutionEnvironment+0x367
C  [java+0x21ac]  JLI_Launch+0x7a0
C  [java+0x84c0]  main+0x65
C  [java+0x1a04]  start+0x34
C  0x0000000000000007

Java frames: (J=compiled Java code, j=interpreted, Vv=VM code)
j  jogamp.nativewindow.jawt.macosx.MacOSXJAWTWindow.UnsetJAWTRootSurfaceLayer0(JJ)V+0
j  jogamp.nativewindow.jawt.macosx.MacOSXJAWTWindow.access$200(JJ)V+2
j  jogamp.nativewindow.jawt.macosx.MacOSXJAWTWindow$1.run()V+38
j  com.jogamp.common.util.RunnableTask.run()V+24
v  ~StubRoutines::call_stub

---------------  P R O C E S S  ---------------

Java Threads: ( => current thread )
  0x00007fe9f4011000 JavaThread "Thread-194" [_thread_blocked, id=63851, stack(0x000000019e87c000,0x000000019e97c000)]
  0x00007fe9f1c00000 JavaThread "AWT-EventQueue-1" [_thread_in_native, id=33555, stack(0x0000000194741000,0x0000000194841000)]
  0x00007fe9f286d000 JavaThread "DestroyJavaVM" [_thread_blocked, id=6403, stack(0x000000010d38a000,0x000000010d48a000)]
  0x00007fe9f1921800 JavaThread "AWT-EventQueue-0" [_thread_blocked, id=60931, stack(0x000000012a360000,0x000000012a460000)]
  0x00007fe9f299f000 JavaThread "Java2D Disposer" daemon [_thread_blocked, id=52995, stack(0x0000000129b5d000,0x0000000129c5d000)]
  0x00007fe9f2999800 JavaThread "Java2D Queue Flusher" daemon [_thread_blocked, id=50695, stack(0x00000001293d9000,0x00000001294d9000)]
  0x00007fe9f2096000 JavaThread "AWT-Shutdown" [_thread_blocked, id=30987, stack(0x00000001267ea000,0x00000001268ea000)]
=>0x00007fe9f20a0800 JavaThread "AWT-AppKit" daemon [_thread_in_native, id=3335, stack(0x00007fff54149000,0x00007fff54949000)]
  0x00007fe9f1821000 JavaThread "Service Thread" daemon [_thread_blocked, id=22275, stack(0x0000000124c13000,0x0000000124d13000)]
  0x00007fe9f300e800 JavaThread "C1 CompilerThread3" daemon [_thread_blocked, id=21763, stack(0x0000000124b10000,0x0000000124c10000)]
  0x00007fe9f3006000 JavaThread "C2 CompilerThread2" daemon [_thread_blocked, id=21251, stack(0x0000000124a0d000,0x0000000124b0d000)]
  0x00007fe9f183a000 JavaThread "C2 CompilerThread1" daemon [_thread_blocked, id=20739, stack(0x000000012490a000,0x0000000124a0a000)]
  0x00007fe9f282a800 JavaThread "C2 CompilerThread0" daemon [_thread_blocked, id=20227, stack(0x0000000124807000,0x0000000124907000)]
  0x00007fe9f1820800 JavaThread "Signal Dispatcher" daemon [_thread_blocked, id=19715, stack(0x0000000124704000,0x0000000124804000)]
  0x00007fe9f3001000 JavaThread "Finalizer" daemon [_thread_blocked, id=14595, stack(0x00000001244c2000,0x00000001245c2000)]
  0x00007fe9f1817000 JavaThread "Reference Handler" daemon [_thread_blocked, id=14083, stack(0x00000001243bf000,0x00000001244bf000)]

Other Threads:
  0x00007fe9f2854000 VMThread [stack: 0x00000001242bc000,0x00000001243bc000] [id=13571]
  0x00007fe9f3002000 WatcherThread [stack: 0x0000000124d16000,0x0000000124e16000] [id=22787]

VM state:not at safepoint (normal execution)

VM Mutex/Monitor currently owned by a thread: None

Heap:
 PSYoungGen      total 27136K, used 18206K [0x0000000795580000, 0x0000000797980000, 0x00000007c0000000)
  eden space 17408K, 72% used [0x0000000795580000,0x00000007961bf760,0x0000000796680000)
  from space 9728K, 58% used [0x0000000797000000,0x0000000797588150,0x0000000797980000)
  to   space 9728K, 0% used [0x0000000796680000,0x0000000796680000,0x0000000797000000)
 ParOldGen       total 61440K, used 58908K [0x0000000740000000, 0x0000000743c00000, 0x0000000795580000)
  object space 61440K, 95% used [0x0000000740000000,0x0000000743987210,0x0000000743c00000)
 Metaspace       used 21901K, capacity 22105K, committed 22448K, reserved 1069056K
  class space    used 2101K, capacity 2179K, committed 2304K, reserved 1048576K

Card table byte_map: [0x000000011c881000,0x000000011cc82000] byte_map_base: 0x0000000118e81000

Marking Bits: (ParMarkBitMap*) 0x000000010ccdee20
 Begin Bits: [0x000000011d745000, 0x000000011f745000)
 End Bits:   [0x000000011f745000, 0x0000000121745000)

Polling page: 0x000000010b3da000

CodeCache: size=245760Kb used=11040Kb max_used=11076Kb free=234719Kb
 bounds [0x000000010d4c1000, 0x000000010e001000, 0x000000011c4c1000]
 total_blobs=3928 nmethods=3032 adapters=809
 compilation: enabled

Compilation events (10 events):
Event: 237.827 Thread 0x00007fe9f3006000 3839       4       java.util.IdentityHashMap::get (60 bytes)
Event: 237.830 Thread 0x00007fe9f3006000 nmethod 3839 0x000000010d759790 code [0x000000010d759900, 0x000000010d759aa8]
Event: 246.096 Thread 0x00007fe9f183a000 3840       4       sun.java2d.SurfaceData::pixelFor (13 bytes)
Event: 246.096 Thread 0x00007fe9f282a800 3841       4       java.awt.EventQueue::coalesceEvent (86 bytes)
Event: 246.097 Thread 0x00007fe9f183a000 nmethod 3840 0x000000010d7593d0 code [0x000000010d759520, 0x000000010d759618]
Event: 246.100 Thread 0x00007fe9f3006000 3842       4       sun.java2d.SunGraphics2D::translate (68 bytes)
Event: 246.101 Thread 0x00007fe9f282a800 nmethod 3841 0x000000010db09650 code [0x000000010db09800, 0x000000010db09ba8]
Event: 246.101 Thread 0x00007fe9f3006000 nmethod 3842 0x000000010d665e50 code [0x000000010d665fa0, 0x000000010d6660c8]
Event: 246.146 Thread 0x00007fe9f183a000 3843       4       sun.lwawt.LWComponentPeer::getLocationOnScreen (41 bytes)
Event: 246.149 Thread 0x00007fe9f183a000 nmethod 3843 0x000000010d5e7950 code [0x000000010d5e7ac0, 0x000000010d5e7cc8]

GC Heap History (10 events):
Event: 235.641 GC heap before
{Heap before GC invocations=109 (full 1):
 PSYoungGen      total 26112K, used 23744K [0x0000000795580000, 0x0000000797800000, 0x00000007c0000000)
  eden space 17920K, 100% used [0x0000000795580000,0x0000000796700000,0x0000000796700000)
  from space 8192K, 71% used [0x0000000796700000,0x0000000796cb0170,0x0000000796f00000)
  to   space 8704K, 0% used [0x0000000796f80000,0x0000000796f80000,0x0000000797800000)
 ParOldGen       total 61440K, used 58868K [0x0000000740000000, 0x0000000743c00000, 0x0000000795580000)
  object space 61440K, 95% used [0x0000000740000000,0x000000074397d210,0x0000000743c00000)
 Metaspace       used 21866K, capacity 22105K, committed 22448K, reserved 1069056K
  class space    used 2093K, capacity 2179K, committed 2304K, reserved 1048576K
Event: 235.643 GC heap after
Heap after GC invocations=109 (full 1):
 PSYoungGen      total 26112K, used 5824K [0x0000000795580000, 0x0000000797900000, 0x00000007c0000000)
  eden space 17408K, 0% used [0x0000000795580000,0x0000000795580000,0x0000000796680000)
  from space 8704K, 66% used [0x0000000796f80000,0x0000000797530170,0x0000000797800000)
  to   space 9216K, 0% used [0x0000000796680000,0x0000000796680000,0x0000000796f80000)
 ParOldGen       total 61440K, used 58876K [0x0000000740000000, 0x0000000743c00000, 0x0000000795580000)
  object space 61440K, 95% used [0x0000000740000000,0x000000074397f210,0x0000000743c00000)
 Metaspace       used 21866K, capacity 22105K, committed 22448K, reserved 1069056K
  class space    used 2093K, capacity 2179K, committed 2304K, reserved 1048576K
}
Event: 237.981 GC heap before
{Heap before GC invocations=110 (full 1):
 PSYoungGen      total 26112K, used 23232K [0x0000000795580000, 0x0000000797900000, 0x00000007c0000000)
  eden space 17408K, 100% used [0x0000000795580000,0x0000000796680000,0x0000000796680000)
  from space 8704K, 66% used [0x0000000796f80000,0x0000000797530170,0x0000000797800000)
  to   space 9216K, 0% used [0x0000000796680000,0x0000000796680000,0x0000000796f80000)
 ParOldGen       total 61440K, used 58876K [0x0000000740000000, 0x0000000743c00000, 0x0000000795580000)
  object space 61440K, 95% used [0x0000000740000000,0x000000074397f210,0x0000000743c00000)
 Metaspace       used 21866K, capacity 22105K, committed 22448K, reserved 1069056K
  class space    used 2093K, capacity 2179K, committed 2304K, reserved 1048576K
Event: 237.984 GC heap after
Heap after GC invocations=110 (full 1):
 PSYoungGen      total 26624K, used 5824K [0x0000000795580000, 0x0000000797980000, 0x00000007c0000000)
  eden space 17408K, 0% used [0x0000000795580000,0x0000000795580000,0x0000000796680000)
  from space 9216K, 63% used [0x0000000796680000,0x0000000796c30170,0x0000000796f80000)
  to   space 9728K, 0% used [0x0000000797000000,0x0000000797000000,0x0000000797980000)
 ParOldGen       total 61440K, used 58884K [0x0000000740000000, 0x0000000743c00000, 0x0000000795580000)
  object space 61440K, 95% used [0x0000000740000000,0x0000000743981210,0x0000000743c00000)
 Metaspace       used 21866K, capacity 22105K, committed 22448K, reserved 1069056K
  class space    used 2093K, capacity 2179K, committed 2304K, reserved 1048576K
}
Event: 240.434 GC heap before
{Heap before GC invocations=111 (full 1):
 PSYoungGen      total 26624K, used 23232K [0x0000000795580000, 0x0000000797980000, 0x00000007c0000000)
  eden space 17408K, 100% used [0x0000000795580000,0x0000000796680000,0x0000000796680000)
  from space 9216K, 63% used [0x0000000796680000,0x0000000796c30170,0x0000000796f80000)
  to   space 9728K, 0% used [0x0000000797000000,0x0000000797000000,0x0000000797980000)
 ParOldGen       total 61440K, used 58884K [0x0000000740000000, 0x0000000743c00000, 0x0000000795580000)
  object space 61440K, 95% used [0x0000000740000000,0x0000000743981210,0x0000000743c00000)
 Metaspace       used 21866K, capacity 22105K, committed 22448K, reserved 1069056K
  class space    used 2093K, capacity 2179K, committed 2304K, reserved 1048576K
Event: 240.437 GC heap after
Heap after GC invocations=111 (full 1):
 PSYoungGen      total 27136K, used 5760K [0x0000000795580000, 0x0000000797980000, 0x00000007c0000000)
  eden space 17408K, 0% used [0x0000000795580000,0x0000000795580000,0x0000000796680000)
  from space 9728K, 59% used [0x0000000797000000,0x00000007975a0170,0x0000000797980000)
  to   space 9728K, 0% used [0x0000000796680000,0x0000000796680000,0x0000000797000000)
 ParOldGen       total 61440K, used 58892K [0x0000000740000000, 0x0000000743c00000, 0x0000000795580000)
  object space 61440K, 95% used [0x0000000740000000,0x0000000743983210,0x0000000743c00000)
 Metaspace       used 21866K, capacity 22105K, committed 22448K, reserved 1069056K
  class space    used 2093K, capacity 2179K, committed 2304K, reserved 1048576K
}
Event: 242.771 GC heap before
{Heap before GC invocations=112 (full 1):
 PSYoungGen      total 27136K, used 23168K [0x0000000795580000, 0x0000000797980000, 0x00000007c0000000)
  eden space 17408K, 100% used [0x0000000795580000,0x0000000796680000,0x0000000796680000)
  from space 9728K, 59% used [0x0000000797000000,0x00000007975a0170,0x0000000797980000)
  to   space 9728K, 0% used [0x0000000796680000,0x0000000796680000,0x0000000797000000)
 ParOldGen       total 61440K, used 58892K [0x0000000740000000, 0x0000000743c00000, 0x0000000795580000)
  object space 61440K, 95% used [0x0000000740000000,0x0000000743983210,0x0000000743c00000)
 Metaspace       used 21866K, capacity 22105K, committed 22448K, reserved 1069056K
  class space    used 2093K, capacity 2179K, committed 2304K, reserved 1048576K
Event: 242.774 GC heap after
Heap after GC invocations=112 (full 1):
 PSYoungGen      total 27136K, used 5728K [0x0000000795580000, 0x0000000797980000, 0x00000007c0000000)
  eden space 17408K, 0% used [0x0000000795580000,0x0000000795580000,0x0000000796680000)
  from space 9728K, 58% used [0x0000000796680000,0x0000000796c18150,0x0000000797000000)
  to   space 9728K, 0% used [0x0000000797000000,0x0000000797000000,0x0000000797980000)
 ParOldGen       total 61440K, used 58900K [0x0000000740000000, 0x0000000743c00000, 0x0000000795580000)
  object space 61440K, 95% used [0x0000000740000000,0x0000000743985210,0x0000000743c00000)
 Metaspace       used 21866K, capacity 22105K, committed 22448K, reserved 1069056K
  class space    used 2093K, capacity 2179K, committed 2304K, reserved 1048576K
}
Event: 244.610 GC heap before
{Heap before GC invocations=113 (full 1):
 PSYoungGen      total 27136K, used 23136K [0x0000000795580000, 0x0000000797980000, 0x00000007c0000000)
  eden space 17408K, 100% used [0x0000000795580000,0x0000000796680000,0x0000000796680000)
  from space 9728K, 58% used [0x0000000796680000,0x0000000796c18150,0x0000000797000000)
  to   space 9728K, 0% used [0x0000000797000000,0x0000000797000000,0x0000000797980000)
 ParOldGen       total 61440K, used 58900K [0x0000000740000000, 0x0000000743c00000, 0x0000000795580000)
  object space 61440K, 95% used [0x0000000740000000,0x0000000743985210,0x0000000743c00000)
 Metaspace       used 21866K, capacity 22105K, committed 22448K, reserved 1069056K
  class space    used 2093K, capacity 2179K, committed 2304K, reserved 1048576K
Event: 244.612 GC heap after
Heap after GC invocations=113 (full 1):
 PSYoungGen      total 27136K, used 5664K [0x0000000795580000, 0x0000000797980000, 0x00000007c0000000)
  eden space 17408K, 0% used [0x0000000795580000,0x0000000795580000,0x0000000796680000)
  from space 9728K, 58% used [0x0000000797000000,0x0000000797588150,0x0000000797980000)
  to   space 9728K, 0% used [0x0000000796680000,0x0000000796680000,0x0000000797000000)
 ParOldGen       total 61440K, used 58908K [0x0000000740000000, 0x0000000743c00000, 0x0000000795580000)
  object space 61440K, 95% used [0x0000000740000000,0x0000000743987210,0x0000000743c00000)
 Metaspace       used 21866K, capacity 22105K, committed 22448K, reserved 1069056K
  class space    used 2093K, capacity 2179K, committed 2304K, reserved 1048576K
}

Deoptimization events (10 events):
Event: 246.127 Thread 0x00007fe9f190f800 Uncommon trap: reason=unstable_if action=reinterpret pc=0x000000010d9803a8 method=java.util.HashMap.putVal(ILjava/lang/Object;Ljava/lang/Object;ZZ)Ljava/lang/Object; @ 81
Event: 246.128 Thread 0x00007fe9f1921800 Uncommon trap: reason=class_check action=maybe_recompile pc=0x000000010dea7b9c method=java.awt.Component.getGraphics()Ljava/awt/Graphics; @ 114
Event: 246.130 Thread 0x00007fe9f20a0800 Uncommon trap: reason=class_check action=maybe_recompile pc=0x000000010d804440 method=com.jogamp.common.util.RunnableTask.run()V @ 24
Event: 246.131 Thread 0x00007fe9f20a0800 Uncommon trap: reason=unstable_if action=reinterpret pc=0x000000010daf30fc method=jogamp.nativewindow.macosx.OSXUtil.RunOnMainThread(ZZLjava/lang/Runnable;)V @ 3
Event: 246.140 Thread 0x00007fe9f1c00000 Uncommon trap: reason=unstable_if action=reinterpret pc=0x000000010db886d8 method=jogamp.opengl.GLContextImpl.release(Z)V @ 161
Event: 246.140 Thread 0x00007fe9f1c00000 Uncommon trap: reason=unstable_if action=reinterpret pc=0x000000010d759a34 method=java.util.IdentityHashMap.get(Ljava/lang/Object;)Ljava/lang/Object; @ 31
Event: 246.142 Thread 0x00007fe9f1c00000 Uncommon trap: reason=unstable_if action=reinterpret pc=0x000000010dacca58 method=java.util.LinkedList$ListItr.<init>(Ljava/util/LinkedList;I)V @ 26
Event: 246.143 Thread 0x00007fe9f1c00000 Uncommon trap: reason=unstable_if action=reinterpret pc=0x000000010dd3b214 method=java.security.AccessControlContext.optimize()Ljava/security/AccessControlContext; @ 233
Event: 246.144 Thread 0x00007fe9f1c00000 Uncommon trap: reason=unstable_if action=reinterpret pc=0x000000010da59f84 method=java.util.LinkedList$ListItr.<init>(Ljava/util/LinkedList;I)V @ 26
Event: 246.153 Thread 0x00007fe9f20a0800 Uncommon trap: reason=class_check action=maybe_recompile pc=0x000000010d804440 method=com.jogamp.common.util.RunnableTask.run()V @ 24

Internal exceptions (10 events):
Event: 0.381 Thread 0x00007fe9f180c000 Exception <a 'java/lang/NoSuchFieldError': method resolution failed> (0x0000000795889878) thrown at [/Users/java_re/workspace/8-2-build-macosx-x86_64/jdk8u60/4407/hotspot/src/share/vm/prims/methodHandles.cpp, line 1146]
Event: 0.599 Thread 0x00007fe9f180c000 Exception <a 'java/io/FileNotFoundException'> (0x0000000795905420) thrown at [/Users/java_re/workspace/8-2-build-macosx-x86_64/jdk8u60/4407/hotspot/src/share/vm/prims/jni.cpp, line 709]
Event: 0.599 Thread 0x00007fe9f180c000 Exception <a 'java/io/FileNotFoundException'> (0x0000000795905f68) thrown at [/Users/java_re/workspace/8-2-build-macosx-x86_64/jdk8u60/4407/hotspot/src/share/vm/prims/jni.cpp, line 709]
Event: 0.937 Thread 0x00007fe9f180c000 Exception <a 'java/io/FileNotFoundException'> (0x0000000795a44ec8) thrown at [/Users/java_re/workspace/8-2-build-macosx-x86_64/jdk8u60/4407/hotspot/src/share/vm/prims/jni.cpp, line 709]
Event: 14.380 Thread 0x00007fe9f180c000 Exception <a 'java/lang/UnsatisfiedLinkError': com.jogamp.common.util.JarUtil.fixNativeLibAttribs(Ljava/lang/String;)Z> (0x0000000796ce2178) thrown at [/Users/java_re/workspace/8-2-build-macosx-x86_64/jdk8u60/4407/hotspot/src/share/vm/prims/nativeLookup.c
Event: 14.730 Thread 0x00007fe9f3001000 Exception <a 'java/lang/NullPointerException'> (0x00000007956fabf0) thrown at [/Users/java_re/workspace/8-2-build-macosx-x86_64/jdk8u60/4407/hotspot/src/share/vm/interpreter/linkResolver.cpp, line 1178]
Event: 15.460 Thread 0x00007fe9f1c00000 Exception <a 'java/io/FileNotFoundException'> (0x0000000796171b78) thrown at [/Users/java_re/workspace/8-2-build-macosx-x86_64/jdk8u60/4407/hotspot/src/share/vm/prims/jni.cpp, line 709]
Event: 15.461 Thread 0x00007fe9f1c00000 Exception <a 'java/io/FileNotFoundException'> (0x00000007961792b8) thrown at [/Users/java_re/workspace/8-2-build-macosx-x86_64/jdk8u60/4407/hotspot/src/share/vm/prims/jni.cpp, line 709]
Event: 15.461 Thread 0x00007fe9f1c00000 Implicit null exception at 0x000000010d671d35 to 0x000000010d67208d
Event: 246.110 Thread 0x00007fe9f1c00000 Implicit null exception at 0x000000010debb1c5 to 0x000000010debbb49

Events (10 events):
Event: 246.144 Thread 0x00007fe9f1c00000 DEOPT UNPACKING pc=0x000000010d4c6229 sp=0x000000019483e9e8 mode 2
Event: 246.144 Executing VM operation: RevokeBias
Event: 246.144 Executing VM operation: RevokeBias done
Event: 246.146 Thread 0x00007fe9f190f800 Thread exited: 0x00007fe9f190f800
Event: 246.146 loading class java/awt/Window$1DisposeAction
Event: 246.146 loading class java/awt/Window$1DisposeAction done
Event: 246.149 Thread 0x00007fe9f183a000 flushing nmethod 0x000000010d750f10
Event: 246.153 Thread 0x00007fe9f20a0800 Uncommon trap: trap_request=0xffffffde fr.pc=0x000000010d804440
Event: 246.153 Thread 0x00007fe9f20a0800 DEOPT PACKING pc=0x000000010d804440 sp=0x00007fff54944620
Event: 246.153 Thread 0x00007fe9f20a0800 DEOPT UNPACKING pc=0x000000010d4c6229 sp=0x00007fff549445c8 mode 2


Dynamic libraries:
0x000000000827c000 	/System/Library/Frameworks/Cocoa.framework/Versions/A/Cocoa
0x000000000827c000 	/System/Library/Frameworks/Security.framework/Versions/A/Security
0x000000000827c000 	/System/Library/Frameworks/ApplicationServices.framework/Versions/A/ApplicationServices
0x000000000827c000 	/usr/lib/libz.1.dylib
0x000000000827c000 	/usr/lib/libSystem.B.dylib
0x000000000827c000 	/usr/lib/libobjc.A.dylib
0x000000000827c000 	/System/Library/Frameworks/CoreFoundation.framework/Versions/A/CoreFoundation
0x000000000827c000 	/System/Library/Frameworks/Foundation.framework/Versions/C/Foundation
0x000000000827c000 	/System/Library/Frameworks/AppKit.framework/Versions/C/AppKit
0x000000000827c000 	/System/Library/Frameworks/CoreData.framework/Versions/A/CoreData
0x000000000827c000 	/System/Library/PrivateFrameworks/RemoteViewServices.framework/Versions/A/RemoteViewServices
0x000000000827c000 	/System/Library/Frameworks/AudioToolbox.framework/Versions/A/AudioToolbox
0x000000000827c000 	/System/Library/Frameworks/AudioUnit.framework/Versions/A/AudioUnit
0x000000000827c000 	/System/Library/PrivateFrameworks/DataDetectorsCore.framework/Versions/A/DataDetectorsCore
0x000000000827c000 	/System/Library/PrivateFrameworks/DesktopServicesPriv.framework/Versions/A/DesktopServicesPriv
0x000000000827c000 	/System/Library/Frameworks/Carbon.framework/Versions/A/Frameworks/HIToolbox.framework/Versions/A/HIToolbox
0x000000000827c000 	/System/Library/Frameworks/QuartzCore.framework/Versions/A/QuartzCore
0x000000000827c000 	/System/Library/Frameworks/Carbon.framework/Versions/A/Frameworks/SpeechRecognition.framework/Versions/A/SpeechRecognition
0x000000000827c000 	/usr/lib/libauto.dylib
0x000000000827c000 	/usr/lib/libicucore.A.dylib
0x000000000827c000 	/usr/lib/libxml2.2.dylib
0x000000000827c000 	/System/Library/PrivateFrameworks/CoreUI.framework/Versions/A/CoreUI
0x000000000827c000 	/System/Library/Frameworks/CoreAudio.framework/Versions/A/CoreAudio
0x000000000827c000 	/System/Library/Frameworks/DiskArbitration.framework/Versions/A/DiskArbitration
0x000000000827c000 	/usr/lib/liblangid.dylib
0x000000000827c000 	/System/Library/PrivateFrameworks/MultitouchSupport.framework/Versions/A/MultitouchSupport
0x000000000827c000 	/System/Library/Frameworks/IOKit.framework/Versions/A/IOKit
0x000000000827c000 	/usr/lib/libDiagnosticMessagesClient.dylib
0x000000000827c000 	/System/Library/Frameworks/CoreServices.framework/Versions/A/CoreServices
0x000000000827c000 	/System/Library/PrivateFrameworks/PerformanceAnalysis.framework/Versions/A/PerformanceAnalysis
0x000000000827c000 	/System/Library/PrivateFrameworks/GenerationalStorage.framework/Versions/A/GenerationalStorage
0x000000000827c000 	/System/Library/Frameworks/OpenGL.framework/Versions/A/OpenGL
0x000000000827c000 	/System/Library/PrivateFrameworks/Sharing.framework/Versions/A/Sharing
0x000000000827c000 	/System/Library/Frameworks/ImageIO.framework/Versions/A/ImageIO
0x000000000827c000 	/System/Library/Frameworks/CoreText.framework/Versions/A/CoreText
0x000000000827c000 	/System/Library/Frameworks/CoreGraphics.framework/Versions/A/CoreGraphics
0x000000000827c000 	/System/Library/PrivateFrameworks/Backup.framework/Versions/A/Backup
0x000000000827c000 	/System/Library/Frameworks/CFNetwork.framework/Versions/A/CFNetwork
0x000000000827c000 	/System/Library/Frameworks/SystemConfiguration.framework/Versions/A/SystemConfiguration
0x000000000827c000 	/usr/lib/libCRFSuite.dylib
0x000000000827c000 	/usr/lib/libc++.1.dylib
0x000000000827c000 	/usr/lib/libc++abi.dylib
0x000000000827c000 	/usr/lib/system/libcache.dylib
0x000000000827c000 	/usr/lib/system/libcommonCrypto.dylib
0x000000000827c000 	/usr/lib/system/libcompiler_rt.dylib
0x000000000827c000 	/usr/lib/system/libcopyfile.dylib
0x000000000827c000 	/usr/lib/system/libcorecrypto.dylib
0x000000000827c000 	/usr/lib/system/libdispatch.dylib
0x000000000827c000 	/usr/lib/system/libdyld.dylib
0x000000000827c000 	/usr/lib/system/libkeymgr.dylib
0x000000000827c000 	/usr/lib/system/liblaunch.dylib
0x000000000827c000 	/usr/lib/system/libmacho.dylib
0x000000000827c000 	/usr/lib/system/libquarantine.dylib
0x000000000827c000 	/usr/lib/system/libremovefile.dylib
0x000000000827c000 	/usr/lib/system/libsystem_asl.dylib
0x000000000827c000 	/usr/lib/system/libsystem_blocks.dylib
0x000000000827c000 	/usr/lib/system/libsystem_c.dylib
0x000000000827c000 	/usr/lib/system/libsystem_configuration.dylib
0x000000000827c000 	/usr/lib/system/libsystem_dnssd.dylib
0x000000000827c000 	/usr/lib/system/libsystem_info.dylib
0x000000000827c000 	/usr/lib/system/libsystem_kernel.dylib
0x000000000827c000 	/usr/lib/system/libsystem_m.dylib
0x000000000827c000 	/usr/lib/system/libsystem_malloc.dylib
0x000000000827c000 	/usr/lib/system/libsystem_network.dylib
0x000000000827c000 	/usr/lib/system/libsystem_notify.dylib
0x000000000827c000 	/usr/lib/system/libsystem_platform.dylib
0x000000000827c000 	/usr/lib/system/libsystem_pthread.dylib
0x000000000827c000 	/usr/lib/system/libsystem_sandbox.dylib
0x000000000827c000 	/usr/lib/system/libsystem_stats.dylib
0x000000000827c000 	/usr/lib/system/libunc.dylib
0x000000000827c000 	/usr/lib/system/libunwind.dylib
0x000000000827c000 	/usr/lib/system/libxpc.dylib
0x000000000827c000 	/usr/lib/libbsm.0.dylib
0x000000000827c000 	/usr/lib/libsqlite3.dylib
0x000000000827c000 	/usr/lib/libxar.1.dylib
0x000000000827c000 	/usr/lib/libpam.2.dylib
0x000000000827c000 	/usr/lib/libOpenScriptingUtil.dylib
0x000000000827c000 	/usr/lib/libbz2.1.0.dylib
0x000000000827c000 	/System/Library/Frameworks/CoreServices.framework/Versions/A/Frameworks/CarbonCore.framework/Versions/A/CarbonCore
0x000000000827c000 	/System/Library/Frameworks/CoreServices.framework/Versions/A/Frameworks/Metadata.framework/Versions/A/Metadata
0x000000000827c000 	/System/Library/Frameworks/CoreServices.framework/Versions/A/Frameworks/OSServices.framework/Versions/A/OSServices
0x000000000827c000 	/System/Library/Frameworks/CoreServices.framework/Versions/A/Frameworks/SearchKit.framework/Versions/A/SearchKit
0x000000000827c000 	/System/Library/Frameworks/CoreServices.framework/Versions/A/Frameworks/AE.framework/Versions/A/AE
0x000000000827c000 	/System/Library/Frameworks/CoreServices.framework/Versions/A/Frameworks/LaunchServices.framework/Versions/A/LaunchServices
0x000000000827c000 	/System/Library/Frameworks/CoreServices.framework/Versions/A/Frameworks/DictionaryServices.framework/Versions/A/DictionaryServices
0x000000000827c000 	/System/Library/Frameworks/NetFS.framework/Versions/A/NetFS
0x000000000827c000 	/usr/lib/system/libkxld.dylib
0x000000000827c000 	/System/Library/PrivateFrameworks/NetAuth.framework/Versions/A/NetAuth
0x000000000827c000 	/System/Library/PrivateFrameworks/TCC.framework/Versions/A/TCC
0x000000000827c000 	/System/Library/Frameworks/OpenDirectory.framework/Versions/A/Frameworks/CFOpenDirectory.framework/Versions/A/CFOpenDirectory
0x000000000827c000 	/System/Library/Frameworks/ServiceManagement.framework/Versions/A/ServiceManagement
0x000000000827c000 	/usr/lib/libxslt.1.dylib
0x000000000827c000 	/System/Library/Frameworks/Carbon.framework/Versions/A/Frameworks/Ink.framework/Versions/A/Ink
0x000000000827c000 	/System/Library/Frameworks/ApplicationServices.framework/Versions/A/Frameworks/ATS.framework/Versions/A/ATS
0x000000000827c000 	/System/Library/Frameworks/ApplicationServices.framework/Versions/A/Frameworks/ColorSync.framework/Versions/A/ColorSync
0x000000000827c000 	/System/Library/Frameworks/ApplicationServices.framework/Versions/A/Frameworks/HIServices.framework/Versions/A/HIServices
0x000000000827c000 	/System/Library/Frameworks/ApplicationServices.framework/Versions/A/Frameworks/LangAnalysis.framework/Versions/A/LangAnalysis
0x000000000827c000 	/System/Library/Frameworks/ApplicationServices.framework/Versions/A/Frameworks/PrintCore.framework/Versions/A/PrintCore
0x000000000827c000 	/System/Library/Frameworks/ApplicationServices.framework/Versions/A/Frameworks/QD.framework/Versions/A/QD
0x000000000827c000 	/System/Library/Frameworks/ApplicationServices.framework/Versions/A/Frameworks/SpeechSynthesis.framework/Versions/A/SpeechSynthesis
0x000000000827c000 	/System/Library/Frameworks/IOSurface.framework/Versions/A/IOSurface
0x000000000827c000 	/System/Library/Frameworks/Accelerate.framework/Versions/A/Accelerate
0x000000000827c000 	/System/Library/Frameworks/Accelerate.framework/Versions/A/Frameworks/vImage.framework/Versions/A/vImage
0x000000000827c000 	/System/Library/Frameworks/Accelerate.framework/Versions/A/Frameworks/vecLib.framework/Versions/A/vecLib
0x000000000827c000 	/System/Library/Frameworks/Accelerate.framework/Versions/A/Frameworks/vecLib.framework/Versions/A/libvDSP.dylib
0x000000000827c000 	/System/Library/Frameworks/Accelerate.framework/Versions/A/Frameworks/vecLib.framework/Versions/A/libvMisc.dylib
0x000000000827c000 	/System/Library/Frameworks/Accelerate.framework/Versions/A/Frameworks/vecLib.framework/Versions/A/libLAPACK.dylib
0x000000000827c000 	/System/Library/Frameworks/Accelerate.framework/Versions/A/Frameworks/vecLib.framework/Versions/A/libBLAS.dylib
0x000000000827c000 	/System/Library/Frameworks/ApplicationServices.framework/Versions/A/Frameworks/ATS.framework/Versions/A/Resources/libFontParser.dylib
0x000000000827c000 	/System/Library/Frameworks/ApplicationServices.framework/Versions/A/Frameworks/ATS.framework/Versions/A/Resources/libFontRegistry.dylib
0x000000000827c000 	/System/Library/Frameworks/ImageIO.framework/Versions/A/Resources/libJPEG.dylib
0x000000000827c000 	/System/Library/Frameworks/ImageIO.framework/Versions/A/Resources/libTIFF.dylib
0x000000000827c000 	/System/Library/Frameworks/ImageIO.framework/Versions/A/Resources/libPng.dylib
0x000000000827c000 	/System/Library/Frameworks/ImageIO.framework/Versions/A/Resources/libGIF.dylib
0x000000000827c000 	/System/Library/Frameworks/ImageIO.framework/Versions/A/Resources/libJP2.dylib
0x000000000827c000 	/System/Library/Frameworks/ImageIO.framework/Versions/A/Resources/libRadiance.dylib
0x000000000827c000 	/usr/lib/libcups.2.dylib
0x000000000827c000 	/System/Library/Frameworks/Kerberos.framework/Versions/A/Kerberos
0x000000000827c000 	/System/Library/Frameworks/GSS.framework/Versions/A/GSS
0x000000000827c000 	/usr/lib/libresolv.9.dylib
0x000000000827c000 	/usr/lib/libiconv.2.dylib
0x000000000827c000 	/System/Library/PrivateFrameworks/Heimdal.framework/Versions/A/Heimdal
0x000000000827c000 	/System/Library/PrivateFrameworks/TrustEvaluationAgent.framework/Versions/A/TrustEvaluationAgent
0x000000000827c000 	/usr/lib/libheimdal-asn1.dylib
0x000000000827c000 	/System/Library/Frameworks/OpenDirectory.framework/Versions/A/OpenDirectory
0x000000000827c000 	/System/Library/PrivateFrameworks/CommonAuth.framework/Versions/A/CommonAuth
0x000000000827c000 	/System/Library/Frameworks/SecurityFoundation.framework/Versions/A/SecurityFoundation
0x000000000827c000 	/System/Library/PrivateFrameworks/Bom.framework/Versions/A/Bom
0x000000000827c000 	/System/Library/Frameworks/CoreVideo.framework/Versions/A/CoreVideo
0x000000000827c000 	/System/Library/Frameworks/QuartzCore.framework/Versions/A/Frameworks/CoreImage.framework/Versions/A/CoreImage
0x000000000827c000 	/System/Library/Frameworks/QuartzCore.framework/Versions/A/Frameworks/ScalableUserInterface.framework/Versions/A/ScalableUserInterface
0x000000000827c000 	/System/Library/Frameworks/OpenGL.framework/Versions/A/Libraries/libGLU.dylib
0x000000000827c000 	/System/Library/Frameworks/OpenGL.framework/Versions/A/Libraries/libGFXShared.dylib
0x000000000827c000 	/System/Library/Frameworks/OpenGL.framework/Versions/A/Libraries/libGL.dylib
0x000000000827c000 	/System/Library/Frameworks/OpenGL.framework/Versions/A/Libraries/libGLImage.dylib
0x000000000827c000 	/System/Library/Frameworks/OpenGL.framework/Versions/A/Libraries/libCVMSPluginSupport.dylib
0x000000000827c000 	/System/Library/Frameworks/OpenGL.framework/Versions/A/Libraries/libCoreVMClient.dylib
0x000000000827c000 	/System/Library/PrivateFrameworks/FaceCore.framework/Versions/A/FaceCore
0x000000000827c000 	/System/Library/PrivateFrameworks/CrashReporterSupport.framework/Versions/A/CrashReporterSupport
0x000000000827c000 	/System/Library/Frameworks/OpenCL.framework/Versions/A/OpenCL
0x000000000827c000 	/System/Library/PrivateFrameworks/AppleFSCompression.framework/Versions/A/AppleFSCompression
0x000000000827c000 	/System/Library/PrivateFrameworks/Ubiquity.framework/Versions/A/Ubiquity
0x000000000827c000 	/System/Library/PrivateFrameworks/IconServices.framework/Versions/A/IconServices
0x000000000827c000 	/System/Library/PrivateFrameworks/ChunkingLibrary.framework/Versions/A/ChunkingLibrary
0x000000000827c000 	/System/Library/PrivateFrameworks/CoreSymbolication.framework/Versions/A/CoreSymbolication
0x000000000827c000 	/System/Library/PrivateFrameworks/Symbolication.framework/Versions/A/Symbolication
0x000000000827c000 	/System/Library/PrivateFrameworks/DebugSymbols.framework/Versions/A/DebugSymbols
0x000000010c400000 	/Library/Java/JavaVirtualMachines/jdk1.8.0_60.jdk/Contents/Home/jre/lib/server/libjvm.dylib
0x000000000827c000 	/usr/lib/libstdc++.6.dylib
0x000000010b3cc000 	/Library/Java/JavaVirtualMachines/jdk1.8.0_60.jdk/Contents/Home/jre/lib/libverify.dylib
0x000000010d48c000 	/Library/Java/JavaVirtualMachines/jdk1.8.0_60.jdk/Contents/Home/jre/lib/libjava.dylib
0x000000010b3e4000 	/Library/Java/JavaVirtualMachines/jdk1.8.0_60.jdk/Contents/Home/jre/lib/libzip.dylib
0x00000001245c4000 	/System/Library/Frameworks/JavaVM.framework/Frameworks/JavaRuntimeSupport.framework/JavaRuntimeSupport
0x00000001245dc000 	/System/Library/Frameworks/JavaVM.framework/Versions/A/Frameworks/JavaNativeFoundation.framework/Versions/A/JavaNativeFoundation
0x000000010b3ee000 	/System/Library/Frameworks/JavaVM.framework/Versions/A/JavaVM
0x000000000827c000 	/System/Library/Frameworks/Carbon.framework/Versions/A/Carbon
0x00000001245f1000 	/System/Library/PrivateFrameworks/JavaLaunching.framework/Versions/A/JavaLaunching
0x000000000827c000 	/System/Library/Frameworks/Carbon.framework/Versions/A/Frameworks/CommonPanels.framework/Versions/A/CommonPanels
0x000000000827c000 	/System/Library/Frameworks/Carbon.framework/Versions/A/Frameworks/Help.framework/Versions/A/Help
0x000000000827c000 	/System/Library/Frameworks/Carbon.framework/Versions/A/Frameworks/ImageCapture.framework/Versions/A/ImageCapture
0x000000000827c000 	/System/Library/Frameworks/Carbon.framework/Versions/A/Frameworks/OpenScripting.framework/Versions/A/OpenScripting
0x000000000827c000 	/System/Library/Frameworks/Carbon.framework/Versions/A/Frameworks/Print.framework/Versions/A/Print
0x000000000827c000 	/System/Library/Frameworks/Carbon.framework/Versions/A/Frameworks/SecurityHI.framework/Versions/A/SecurityHI
0x0000000124e60000 	/Library/Java/JavaVirtualMachines/jdk1.8.0_60.jdk/Contents/Home/jre/lib/libawt.dylib
0x0000000124f08000 	/Library/Java/JavaVirtualMachines/jdk1.8.0_60.jdk/Contents/Home/jre/lib/./libmlib_image.dylib
0x0000000124fd4000 	/Library/Java/JavaVirtualMachines/jdk1.8.0_60.jdk/Contents/Home/jre/lib/libawt_lwawt.dylib
0x0000000125089000 	/Library/Java/JavaVirtualMachines/jdk1.8.0_60.jdk/Contents/Home/jre/lib/./libosxapp.dylib
0x000000000827c000 	/System/Library/Frameworks/ExceptionHandling.framework/Versions/A/ExceptionHandling
0x000000000827c000 	/System/Library/PrivateFrameworks/CoreServicesInternal.framework/Versions/A/CoreServicesInternal
0x000000000827c000 	/System/Library/PrivateFrameworks/Librarian.framework/Versions/A/Librarian
0x00000001268ed000 	/System/Library/Frameworks/CoreGraphics.framework/Versions/A/Resources/libCGCMS.A.dylib
0x00000001269ff000 	/System/Library/Frameworks/CoreGraphics.framework/Versions/A/Resources/libRIP.A.dylib
0x0000000126ad2000 	/System/Library/Frameworks/CoreGraphics.framework/Versions/A/Resources/libCGXType.A.dylib
0x000000000827c000 	/System/Library/PrivateFrameworks/FamilyControls.framework/Versions/A/FamilyControls
0x000000000827c000 	/System/Library/PrivateFrameworks/CommerceKit.framework/Versions/A/Frameworks/CommerceCore.framework/Versions/A/CommerceCore
0x000000000827c000 	/System/Library/PrivateFrameworks/SystemAdministration.framework/Versions/A/SystemAdministration
0x000000000827c000 	/System/Library/Frameworks/DirectoryService.framework/Versions/A/DirectoryService
0x000000000827c000 	/System/Library/PrivateFrameworks/DiskImages.framework/Versions/A/DiskImages
0x000000000827c000 	/System/Library/PrivateFrameworks/LoginUIKit.framework/Versions/A/Frameworks/LoginUICore.framework/Versions/A/LoginUICore
0x000000000827c000 	/usr/lib/libCoreStorage.dylib
0x000000000827c000 	/usr/lib/libcsfde.dylib
0x000000000827c000 	/usr/lib/libodfde.dylib
0x000000000827c000 	/System/Library/Frameworks/DiscRecording.framework/Versions/A/DiscRecording
0x000000000827c000 	/usr/lib/libcurl.4.dylib
0x000000000827c000 	/System/Library/PrivateFrameworks/MediaKit.framework/Versions/A/MediaKit
0x000000000827c000 	/System/Library/PrivateFrameworks/EFILogin.framework/Versions/A/EFILogin
0x000000000827c000 	/usr/lib/libutil.dylib
0x000000000827c000 	/System/Library/PrivateFrameworks/AOSNotification.framework/Versions/A/AOSNotification
0x000000000827c000 	/System/Library/Frameworks/LDAP.framework/Versions/A/LDAP
0x000000000827c000 	/usr/lib/libsasl2.2.dylib
0x000000000827c000 	/usr/lib/libcrypto.0.9.8.dylib
0x000000000827c000 	/usr/lib/libssl.0.9.8.dylib
0x00000001294db000 	/System/Library/Frameworks/OpenGL.framework/Resources/GLEngine.bundle/GLEngine
0x000000000827c000 	/System/Library/Frameworks/OpenGL.framework/Versions/A/Libraries/libGLProgrammability.dylib
0x0000000000000000 	/System/Library/Extensions/AppleIntelHD3000GraphicsGLDriver.bundle/Contents/MacOS/AppleIntelHD3000GraphicsGLDriver
0x00000001296b7000 	/System/Library/PrivateFrameworks/GPUSupport.framework/Versions/A/Libraries/libGPUSupport.dylib
0x0000000000000000 	/System/Library/Extensions/AMDRadeonX3000GLDriver.bundle/Contents/MacOS/AMDRadeonX3000GLDriver
0x000000000827c000 	/System/Library/PrivateFrameworks/IOAccelerator.framework/Versions/A/IOAccelerator
0x000000000827c000 	/System/Library/PrivateFrameworks/GPUSupport.framework/Versions/A/Libraries/libGPUSupportMercury.dylib
0x0000000129ac8000 	/System/Library/Frameworks/OpenGL.framework/Resources//GLRendererFloat.bundle/GLRendererFloat
0x000000000827c000 	/System/Library/Frameworks/OpenCL.framework/Versions/A/Libraries/libcldcpuengine.dylib
0x0000000129c5f000 	/Library/Java/JavaVirtualMachines/jdk1.8.0_60.jdk/Contents/Home/jre/lib/libfontmanager.dylib
0x000000012a8d1000 	/Library/Java/JavaVirtualMachines/jdk1.8.0_60.jdk/Contents/Home/jre/lib/libosxui.dylib
0x000000012ab90000 	/Library/Java/JavaVirtualMachines/jdk1.8.0_60.jdk/Contents/Home/jre/lib/libnet.dylib
0x000000012a8ed000 	/Library/Java/JavaVirtualMachines/jdk1.8.0_60.jdk/Contents/Home/jre/lib/libnio.dylib
0x000000000827c000 	/System/Library/Frameworks/ApplicationServices.framework/Versions/A/Frameworks/ATS.framework/Versions/A/Resources/libTrueTypeScaler.dylib
0x000000012467b000 	/private/var/folders/dq/8vd9g93j6j717nnzy6dwncyr0000gn/T/jogamp_0000/file_cache/jln9088155071054798003/jln8691732817705145843/libgluegen-rt.jnilib
0x0000000126abc000 	/private/var/folders/dq/8vd9g93j6j717nnzy6dwncyr0000gn/T/jogamp_0000/file_cache/jln9088155071054798003/jln8691732817705145843/libnativewindow_awt.jnilib
0x000000012a1c9000 	/Library/Java/JavaVirtualMachines/jdk1.8.0_60.jdk/Contents/Home/jre/lib/libjawt.dylib
0x00000001941f0000 	/private/var/folders/dq/8vd9g93j6j717nnzy6dwncyr0000gn/T/jogamp_0000/file_cache/jln9088155071054798003/jln8691732817705145843/libnativewindow_macosx.jnilib
0x0000000195b9e000 	/private/var/folders/dq/8vd9g93j6j717nnzy6dwncyr0000gn/T/jogamp_0000/file_cache/jln9088155071054798003/jln8691732817705145843/libjogl_desktop.jnilib
0x000000019748a000 	/Library/Java/JavaVirtualMachines/jdk1.8.0_60.jdk/Contents/Home/jre/lib/libt2k.dylib

VM Arguments:
jvm_args: -Djava.security.policy=java.policy.applet -Dfile.encoding=UTF-8 
java_command: sun.applet.AppletViewer module6.EarthquakeCityMap1448851848399.html
java_class_path (initial): /Users/admin/Documents/code/Eclipse/UCSDUnfoldingMaps/build:/Users/admin/Documents/code/Eclipse/UCSDUnfoldingMaps/lib/core.jar:/Users/admin/Documents/code/Eclipse/UCSDUnfoldingMaps/lib/gluegen-rt.jar:/Users/admin/Documents/code/Eclipse/UCSDUnfoldingMaps/lib/jogl-all.jar:/Users/admin/Documents/code/Eclipse/UCSDUnfoldingMaps/lib/log4j-1.2.15.jar:/Users/admin/Documents/code/Eclipse/UCSDUnfoldingMaps/lib/sqlite-jdbc-3.7.2.jar:/Users/admin/Documents/code/Eclipse/UCSDUnfoldingMaps/lib/json4processing.jar:/Users/admin/Documents/code/Eclipse/UCSDUnfoldingMaps/lib/libTUIO.jar:/Users/admin/Documents/code/Eclipse/UCSDUnfoldingMaps/lib/unfolding.0.9.7-uscd.jar
Launcher Type: SUN_STANDARD

Environment Variables:
PATH=/usr/bin:/bin:/usr/sbin:/sbin
SHELL=/bin/bash

Signal Handlers:
SIGSEGV: [libjvm.dylib+0x5a6d31], sa_mask[0]=11111111011111110111111111111111, sa_flags=SA_ONSTACK|SA_RESTART|SA_SIGINFO
SIGBUS: [libjvm.dylib+0x5a6d31], sa_mask[0]=11111111011111110111111111111111, sa_flags=SA_RESTART|SA_SIGINFO
SIGFPE: [libjvm.dylib+0x480a4c], sa_mask[0]=11111111011111110111111111111111, sa_flags=SA_RESTART|SA_SIGINFO
SIGPIPE: [libjvm.dylib+0x480a4c], sa_mask[0]=11111111011111110111111111111111, sa_flags=SA_RESTART|SA_SIGINFO
SIGXFSZ: [libjvm.dylib+0x480a4c], sa_mask[0]=11111111011111110111111111111111, sa_flags=SA_RESTART|SA_SIGINFO
SIGILL: [libjvm.dylib+0x480a4c], sa_mask[0]=11111111011111110111111111111111, sa_flags=SA_RESTART|SA_SIGINFO
SIGUSR1: SIG_DFL, sa_mask[0]=00000000000000000000000000000000, sa_flags=SA_RESTART
SIGUSR2: [libjvm.dylib+0x48056a], sa_mask[0]=00100000000000000000000000000000, sa_flags=SA_RESTART|SA_SIGINFO
SIGHUP: [libjvm.dylib+0x47eb41], sa_mask[0]=11111111011111110111111111111111, sa_flags=SA_RESTART|SA_SIGINFO
SIGINT: [libjvm.dylib+0x47eb41], sa_mask[0]=11111111011111110111111111111111, sa_flags=SA_RESTART|SA_SIGINFO
SIGTERM: [libjvm.dylib+0x47eb41], sa_mask[0]=11111111011111110111111111111111, sa_flags=SA_RESTART|SA_SIGINFO
SIGQUIT: [libjvm.dylib+0x47eb41], sa_mask[0]=11111111011111110111111111111111, sa_flags=SA_RESTART|SA_SIGINFO


---------------  S Y S T E M  ---------------

OS:Bsduname:Darwin 13.4.0 Darwin Kernel Version 13.4.0: Sun Aug 17 19:50:11 PDT 2014; root:xnu-2422.115.4~1/RELEASE_X86_64 x86_64
rlimit: STACK 8192k, CORE 0k, NPROC 709, NOFILE 10240, AS infinity
load average:2.78 14.45 12.96

CPU:total 8 (4 cores per cpu, 2 threads per core) family 6 model 42 stepping 7, cmov, cx8, fxsr, mmx, sse, sse2, sse3, ssse3, sse4.1, sse4.2, popcnt, avx, aes, clmul, ht, tsc, tscinvbit

Memory: 4k page, physical 8388608k(129184k free)

/proc/meminfo:


vm_info: Java HotSpot(TM) 64-Bit Server VM (25.60-b23) for bsd-amd64 JRE (1.8.0_60-b27), built on Aug  4 2015 10:47:24 by "java_re" with gcc 4.2.1 (Based on Apple Inc. build 5658) (LLVM build 2336.11.00)

time: Sun Nov 29 18:54:54 2015
elapsed time: 246 seconds (0d 0h 4m 6s)

